[     354ms] [ERROR] Failed to load resource: the server responded with a status of 502 (Bad Gateway) @ http://localhost:5173/api/v1/objects?objectType=PipelineExecution&pageSize=100:0
[     355ms] [ERROR] Failed to load resource: the server responded with a status of 500 (Internal Server Error) @ http://localhost:5173/agents/ai/status:0
[     359ms] [WARNING] WebSocket connection to 'ws://localhost:5173/agents/ws/alerts' failed: WebSocket is closed before the connection is established. @ http://localhost:5173/assets/Dashboard-FLZLU0mT.js:0
[     368ms] [WARNING] WebSocket connection to 'ws://localhost:5173/agents/ws/alerts' failed: WebSocket is closed before the connection is established. @ http://localhost:5173/assets/Dashboard-FLZLU0mT.js:0
[     370ms] [WARNING] WebSocket connection to 'ws://localhost:5173/agents/ws/alerts' failed: WebSocket is closed before the connection is established. @ http://localhost:5173/assets/Dashboard-FLZLU0mT.js:0
[     372ms] [WARNING] WebSocket connection to 'ws://localhost:5173/agents/ws/alerts' failed: WebSocket is closed before the connection is established. @ http://localhost:5173/assets/Dashboard-FLZLU0mT.js:0
[     387ms] [WARNING] WebSocket connection to 'ws://localhost:5173/agents/ws/alerts' failed: WebSocket is closed before the connection is established. @ http://localhost:5173/assets/Dashboard-FLZLU0mT.js:0
[     412ms] [WARNING] WebSocket connection to 'ws://localhost:5173/agents/ws/alerts' failed: WebSocket is closed before the connection is established. @ http://localhost:5173/assets/Dashboard-FLZLU0mT.js:0
[    4993ms] [ERROR] WebSocket connection to 'ws://localhost:5173/agents/ws/alerts' failed: Error during WebSocket handshake: Unexpected response code: 404 @ http://localhost:5173/assets/Dashboard-FLZLU0mT.js:0
[    5000ms] [WARNING] WebSocket connection to 'ws://localhost:5173/agents/ws/alerts' failed: WebSocket is closed before the connection is established. @ http://localhost:5173/assets/Dashboard-FLZLU0mT.js:0
[    5002ms] [WARNING] WebSocket connection to 'ws://localhost:5173/agents/ws/alerts' failed: WebSocket is closed before the connection is established. @ http://localhost:5173/assets/Dashboard-FLZLU0mT.js:0
[    8387ms] [ERROR] WebSocket connection to 'ws://localhost:5173/agents/ws/alerts' failed: Error during WebSocket handshake: Unexpected response code: 404 @ http://localhost:5173/assets/Dashboard-FLZLU0mT.js:0
[    8393ms] [WARNING] WebSocket connection to 'ws://localhost:5173/agents/ws/alerts' failed: WebSocket is closed before the connection is established. @ http://localhost:5173/assets/Dashboard-FLZLU0mT.js:0
[    8398ms] [WARNING] WebSocket connection to 'ws://localhost:5173/agents/ws/alerts' failed: WebSocket is closed before the connection is established. @ http://localhost:5173/assets/Dashboard-FLZLU0mT.js:0
[   11992ms] [ERROR] WebSocket connection to 'ws://localhost:5173/agents/ws/alerts' failed: Error during WebSocket handshake: Unexpected response code: 404 @ http://localhost:5173/assets/Dashboard-FLZLU0mT.js:0
[   11998ms] [WARNING] WebSocket connection to 'ws://localhost:5173/agents/ws/alerts' failed: WebSocket is closed before the connection is established. @ http://localhost:5173/assets/Dashboard-FLZLU0mT.js:0
[   12001ms] [WARNING] WebSocket connection to 'ws://localhost:5173/agents/ws/alerts' failed: WebSocket is closed before the connection is established. @ http://localhost:5173/assets/Dashboard-FLZLU0mT.js:0
[   13488ms] [ERROR] WebSocket connection to 'ws://localhost:5173/agents/ws/alerts' failed: Error during WebSocket handshake: Unexpected response code: 404 @ http://localhost:5173/assets/Dashboard-FLZLU0mT.js:0
[   13498ms] [WARNING] WebSocket connection to 'ws://localhost:5173/agents/ws/alerts' failed: WebSocket is closed before the connection is established. @ http://localhost:5173/assets/Dashboard-FLZLU0mT.js:0
[   13502ms] [WARNING] WebSocket connection to 'ws://localhost:5173/agents/ws/alerts' failed: WebSocket is closed before the connection is established. @ http://localhost:5173/assets/Dashboard-FLZLU0mT.js:0
[   14714ms] [ERROR] WebSocket connection to 'ws://localhost:5173/agents/ws/alerts' failed: Error during WebSocket handshake: Unexpected response code: 404 @ http://localhost:5173/assets/Dashboard-FLZLU0mT.js:0
[   14720ms] [WARNING] WebSocket connection to 'ws://localhost:5173/agents/ws/alerts' failed: WebSocket is closed before the connection is established. @ http://localhost:5173/assets/Dashboard-FLZLU0mT.js:0
[   14722ms] [WARNING] WebSocket connection to 'ws://localhost:5173/agents/ws/alerts' failed: WebSocket is closed before the connection is established. @ http://localhost:5173/assets/Dashboard-FLZLU0mT.js:0
[   19167ms] [ERROR] WebSocket connection to 'ws://localhost:5173/agents/ws/alerts' failed: Error during WebSocket handshake: Unexpected response code: 404 @ http://localhost:5173/assets/Dashboard-FLZLU0mT.js:0
[   19173ms] [WARNING] WebSocket connection to 'ws://localhost:5173/agents/ws/alerts' failed: WebSocket is closed before the connection is established. @ http://localhost:5173/assets/Dashboard-FLZLU0mT.js:0
[   19178ms] [WARNING] WebSocket connection to 'ws://localhost:5173/agents/ws/alerts' failed: WebSocket is closed before the connection is established. @ http://localhost:5173/assets/Dashboard-FLZLU0mT.js:0
[   23487ms] [ERROR] WebSocket connection to 'ws://localhost:5173/agents/ws/alerts' failed: Error during WebSocket handshake: Unexpected response code: 404 @ http://localhost:5173/assets/Dashboard-FLZLU0mT.js:0
[   23493ms] [WARNING] WebSocket connection to 'ws://localhost:5173/agents/ws/alerts' failed: WebSocket is closed before the connection is established. @ http://localhost:5173/assets/Dashboard-FLZLU0mT.js:0
[   23497ms] [WARNING] WebSocket connection to 'ws://localhost:5173/agents/ws/alerts' failed: WebSocket is closed before the connection is established. @ http://localhost:5173/assets/Dashboard-FLZLU0mT.js:0
[   25536ms] [ERROR] WebSocket connection to 'ws://localhost:5173/agents/ws/alerts' failed: Error during WebSocket handshake: Unexpected response code: 404 @ http://localhost:5173/assets/Dashboard-FLZLU0mT.js:0
[   25542ms] [WARNING] WebSocket connection to 'ws://localhost:5173/agents/ws/alerts' failed: WebSocket is closed before the connection is established. @ http://localhost:5173/assets/Dashboard-FLZLU0mT.js:0
[   25547ms] [WARNING] WebSocket connection to 'ws://localhost:5173/agents/ws/alerts' failed: WebSocket is closed before the connection is established. @ http://localhost:5173/assets/Dashboard-FLZLU0mT.js:0
[   28957ms] [ERROR] WebSocket connection to 'ws://localhost:5173/agents/ws/alerts' failed: Error during WebSocket handshake: Unexpected response code: 404 @ http://localhost:5173/assets/Dashboard-FLZLU0mT.js:0
[   28962ms] [WARNING] WebSocket connection to 'ws://localhost:5173/agents/ws/alerts' failed: WebSocket is closed before the connection is established. @ http://localhost:5173/assets/Dashboard-FLZLU0mT.js:0
[   28967ms] [WARNING] WebSocket connection to 'ws://localhost:5173/agents/ws/alerts' failed: WebSocket is closed before the connection is established. @ http://localhost:5173/assets/Dashboard-FLZLU0mT.js:0
[26322997ms] [ERROR] Failed to load resource: net::ERR_CONNECTION_REFUSED @ http://localhost:5173/agents/health:0
[26323002ms] [ERROR] Failed to load resource: net::ERR_CONNECTION_REFUSED @ http://localhost:5173/agents/ai/status:0
[26323002ms] [ERROR] Failed to load resource: net::ERR_CONNECTION_REFUSED @ http://localhost:5173/agents/gse/regions:0
[26323002ms] [ERROR] Failed to load resource: net::ERR_CONNECTION_REFUSED @ http://localhost:5173/agents/alerts/pending:0
[26323002ms] [ERROR] Failed to load resource: net::ERR_CONNECTION_REFUSED @ http://localhost:5173/api/v1/objects?objectType=PipelineExecution&pageSize=100:0
[26323002ms] [ERROR] Failed to load resource: net::ERR_CONNECTION_REFUSED @ http://localhost:5173/agents/fusion/awareness:0
[26323013ms] [WARNING] WebSocket connection to 'ws://localhost:5173/agents/ws/alerts' failed: WebSocket is closed before the connection is established. @ http://localhost:5173/assets/Dashboard-FLZLU0mT.js:0
[26323014ms] [ERROR] WebSocket connection to 'ws://localhost:5173/agents/ws/alerts' failed: Error in connection establishment: net::ERR_CONNECTION_REFUSED @ http://localhost:5173/assets/Dashboard-FLZLU0mT.js:0
[26323017ms] [WARNING] WebSocket connection to 'ws://localhost:5173/agents/ws/alerts' failed: WebSocket is closed before the connection is established. @ http://localhost:5173/assets/Dashboard-FLZLU0mT.js:0
[26323017ms] [ERROR] WebSocket connection to 'ws://localhost:5173/agents/ws/alerts' failed: Error in connection establishment: net::ERR_CONNECTION_REFUSED @ http://localhost:5173/assets/Dashboard-FLZLU0mT.js:0
[26323028ms] [ERROR] WebSocket connection to 'ws://localhost:5173/agents/ws/alerts' failed: Error in connection establishment: net::ERR_CONNECTION_REFUSED @ http://localhost:5173/assets/Dashboard-FLZLU0mT.js:0
[26323034ms] [WARNING] WebSocket connection to 'ws://localhost:5173/agents/ws/alerts' failed: WebSocket is closed before the connection is established. @ http://localhost:5173/assets/Dashboard-FLZLU0mT.js:0
[26323036ms] [WARNING] WebSocket connection to 'ws://localhost:5173/agents/ws/alerts' failed: WebSocket is closed before the connection is established. @ http://localhost:5173/assets/Dashboard-FLZLU0mT.js:0
[26323039ms] [ERROR] WebSocket connection to 'ws://localhost:5173/agents/ws/alerts' failed: Error in connection establishment: net::ERR_CONNECTION_REFUSED @ http://localhost:5173/assets/Dashboard-FLZLU0mT.js:0
[26323044ms] [WARNING] WebSocket connection to 'ws://localhost:5173/agents/ws/alerts' failed: WebSocket is closed before the connection is established. @ http://localhost:5173/assets/Dashboard-FLZLU0mT.js:0
[26323045ms] [WARNING] WebSocket connection to 'ws://localhost:5173/agents/ws/alerts' failed: WebSocket is closed before the connection is established. @ http://localhost:5173/assets/Dashboard-FLZLU0mT.js:0
[26323059ms] [ERROR] WebSocket connection to 'ws://localhost:5173/agents/ws/alerts' failed: Error in connection establishment: net::ERR_CONNECTION_REFUSED @ http://localhost:5173/assets/Dashboard-FLZLU0mT.js:0
[26323064ms] [WARNING] WebSocket connection to 'ws://localhost:5173/agents/ws/alerts' failed: WebSocket is closed before the connection is established. @ http://localhost:5173/assets/Dashboard-FLZLU0mT.js:0
[26323065ms] [WARNING] WebSocket connection to 'ws://localhost:5173/agents/ws/alerts' failed: WebSocket is closed before the connection is established. @ http://localhost:5173/assets/Dashboard-FLZLU0mT.js:0
[26323179ms] [ERROR] WebSocket connection to 'ws://localhost:5173/agents/ws/alerts' failed: Error in connection establishment: net::ERR_CONNECTION_REFUSED @ http://localhost:5173/assets/Dashboard-FLZLU0mT.js:0
[26323184ms] [WARNING] WebSocket connection to 'ws://localhost:5173/agents/ws/alerts' failed: WebSocket is closed before the connection is established. @ http://localhost:5173/assets/Dashboard-FLZLU0mT.js:0
[26323186ms] [WARNING] WebSocket connection to 'ws://localhost:5173/agents/ws/alerts' failed: WebSocket is closed before the connection is established. @ http://localhost:5173/assets/Dashboard-FLZLU0mT.js:0
[26325209ms] [ERROR] WebSocket connection to 'ws://localhost:5173/agents/ws/alerts' failed: Error in connection establishment: net::ERR_CONNECTION_REFUSED @ http://localhost:5173/assets/Dashboard-FLZLU0mT.js:0
[26325214ms] [WARNING] WebSocket connection to 'ws://localhost:5173/agents/ws/alerts' failed: WebSocket is closed before the connection is established. @ http://localhost:5173/assets/Dashboard-FLZLU0mT.js:0
[26325216ms] [WARNING] WebSocket connection to 'ws://localhost:5173/agents/ws/alerts' failed: WebSocket is closed before the connection is established. @ http://localhost:5173/assets/Dashboard-FLZLU0mT.js:0
[26325957ms] [WARNING] WebSocket connection to 'ws://localhost:5173/agents/ws/alerts' failed: WebSocket is closed before the connection is established. @ http://localhost:5173/assets/Dashboard-FLZLU0mT.js:0
[26325962ms] [ERROR] Loading the image 'https://c.basemaps.cartocdn.com/dark_all/2/1/1.png' violates the following Content Security Policy directive: "img-src 'self' data: blob: https://*.tile.openstreetmap.org". The action has been blocked. @ http://localhost:5173/map:0
[26325962ms] [ERROR] Loading the image 'https://a.basemaps.cartocdn.com/dark_all/2/2/1.png' violates the following Content Security Policy directive: "img-src 'self' data: blob: https://*.tile.openstreetmap.org". The action has been blocked. @ http://localhost:5173/map:0
[26325962ms] [ERROR] Loading the image 'https://a.basemaps.cartocdn.com/dark_all/2/1/2.png' violates the following Content Security Policy directive: "img-src 'self' data: blob: https://*.tile.openstreetmap.org". The action has been blocked. @ http://localhost:5173/map:0
[26325962ms] [ERROR] Loading the image 'https://b.basemaps.cartocdn.com/dark_all/2/2/2.png' violates the following Content Security Policy directive: "img-src 'self' data: blob: https://*.tile.openstreetmap.org". The action has been blocked. @ http://localhost:5173/map:0
[26325962ms] [ERROR] Loading the image 'https://b.basemaps.cartocdn.com/dark_all/2/1/0.png' violates the following Content Security Policy directive: "img-src 'self' data: blob: https://*.tile.openstreetmap.org". The action has been blocked. @ http://localhost:5173/map:0
[26325962ms] [ERROR] Loading the image 'https://c.basemaps.cartocdn.com/dark_all/2/2/0.png' violates the following Content Security Policy directive: "img-src 'self' data: blob: https://*.tile.openstreetmap.org". The action has been blocked. @ http://localhost:5173/map:0
[26325962ms] [ERROR] Loading the image 'https://b.basemaps.cartocdn.com/dark_all/2/0/1.png' violates the following Content Security Policy directive: "img-src 'self' data: blob: https://*.tile.openstreetmap.org". The action has been blocked. @ http://localhost:5173/map:0
[26325962ms] [ERROR] Loading the image 'https://b.basemaps.cartocdn.com/dark_all/2/3/1.png' violates the following Content Security Policy directive: "img-src 'self' data: blob: https://*.tile.openstreetmap.org". The action has been blocked. @ http://localhost:5173/map:0
[26325962ms] [ERROR] Loading the image 'https://c.basemaps.cartocdn.com/dark_all/2/0/2.png' violates the following Content Security Policy directive: "img-src 'self' data: blob: https://*.tile.openstreetmap.org". The action has been blocked. @ http://localhost:5173/map:0
[26325962ms] [ERROR] Loading the image 'https://c.basemaps.cartocdn.com/dark_all/2/3/2.png' violates the following Content Security Policy directive: "img-src 'self' data: blob: https://*.tile.openstreetmap.org". The action has been blocked. @ http://localhost:5173/map:0
[26325962ms] [ERROR] Loading the image 'https://b.basemaps.cartocdn.com/dark_all/2/1/3.png' violates the following Content Security Policy directive: "img-src 'self' data: blob: https://*.tile.openstreetmap.org". The action has been blocked. @ http://localhost:5173/map:0
[26325962ms] [ERROR] Loading the image 'https://c.basemaps.cartocdn.com/dark_all/2/2/3.png' violates the following Content Security Policy directive: "img-src 'self' data: blob: https://*.tile.openstreetmap.org". The action has been blocked. @ http://localhost:5173/map:0
[26325962ms] [ERROR] Loading the image 'https://a.basemaps.cartocdn.com/dark_all/2/0/0.png' violates the following Content Security Policy directive: "img-src 'self' data: blob: https://*.tile.openstreetmap.org". The action has been blocked. @ http://localhost:5173/map:0
[26325963ms] [ERROR] Loading the image 'https://a.basemaps.cartocdn.com/dark_all/2/3/0.png' violates the following Content Security Policy directive: "img-src 'self' data: blob: https://*.tile.openstreetmap.org". The action has been blocked. @ http://localhost:5173/map:0
[26325963ms] [ERROR] Loading the image 'https://a.basemaps.cartocdn.com/dark_all/2/0/3.png' violates the following Content Security Policy directive: "img-src 'self' data: blob: https://*.tile.openstreetmap.org". The action has been blocked. @ http://localhost:5173/map:0
[26325963ms] [ERROR] Loading the image 'https://a.basemaps.cartocdn.com/dark_all/2/3/3.png' violates the following Content Security Policy directive: "img-src 'self' data: blob: https://*.tile.openstreetmap.org". The action has been blocked. @ http://localhost:5173/map:0
[26325963ms] [ERROR] Loading the image 'https://b.basemaps.cartocdn.com/dark_all/2/3/1.png' violates the following Content Security Policy directive: "img-src 'self' data: blob: https://*.tile.openstreetmap.org". The action has been blocked. @ http://localhost:5173/map:0
[26325963ms] [ERROR] Loading the image 'https://b.basemaps.cartocdn.com/dark_all/2/0/1.png' violates the following Content Security Policy directive: "img-src 'self' data: blob: https://*.tile.openstreetmap.org". The action has been blocked. @ http://localhost:5173/map:0
[26325963ms] [ERROR] Loading the image 'https://c.basemaps.cartocdn.com/dark_all/2/3/2.png' violates the following Content Security Policy directive: "img-src 'self' data: blob: https://*.tile.openstreetmap.org". The action has been blocked. @ http://localhost:5173/map:0
[26325963ms] [ERROR] Loading the image 'https://c.basemaps.cartocdn.com/dark_all/2/0/2.png' violates the following Content Security Policy directive: "img-src 'self' data: blob: https://*.tile.openstreetmap.org". The action has been blocked. @ http://localhost:5173/map:0
[26325963ms] [ERROR] Loading the image 'https://a.basemaps.cartocdn.com/dark_all/2/3/0.png' violates the following Content Security Policy directive: "img-src 'self' data: blob: https://*.tile.openstreetmap.org". The action has been blocked. @ http://localhost:5173/map:0
[26325963ms] [ERROR] Loading the image 'https://a.basemaps.cartocdn.com/dark_all/2/0/0.png' violates the following Content Security Policy directive: "img-src 'self' data: blob: https://*.tile.openstreetmap.org". The action has been blocked. @ http://localhost:5173/map:0
[26325963ms] [ERROR] Loading the image 'https://a.basemaps.cartocdn.com/dark_all/2/3/3.png' violates the following Content Security Policy directive: "img-src 'self' data: blob: https://*.tile.openstreetmap.org". The action has been blocked. @ http://localhost:5173/map:0
[26325963ms] [ERROR] Loading the image 'https://a.basemaps.cartocdn.com/dark_all/2/0/3.png' violates the following Content Security Policy directive: "img-src 'self' data: blob: https://*.tile.openstreetmap.org". The action has been blocked. @ http://localhost:5173/map:0
[26334174ms] [ERROR] Failed to load resource: net::ERR_CONNECTION_REFUSED @ http://localhost:5173/agents/countries:0
[26335177ms] [ERROR] Failed to load resource: net::ERR_CONNECTION_REFUSED @ http://localhost:5173/agents/countries:0
[26337179ms] [ERROR] Failed to load resource: net::ERR_CONNECTION_REFUSED @ http://localhost:5173/agents/countries:0
[26341909ms] [ERROR] Failed to load resource: net::ERR_CONNECTION_REFUSED @ http://localhost:5173/agents/briefing/daily:0
[26341909ms] [ERROR] Failed to load resource: net::ERR_CONNECTION_REFUSED @ http://localhost:5173/agents/briefing/daily/markdown:0
[26342912ms] [ERROR] Failed to load resource: net::ERR_CONNECTION_REFUSED @ http://localhost:5173/agents/briefing/daily:0
[26342912ms] [ERROR] Failed to load resource: net::ERR_CONNECTION_REFUSED @ http://localhost:5173/agents/briefing/daily/markdown:0
[26344915ms] [ERROR] Failed to load resource: net::ERR_CONNECTION_REFUSED @ http://localhost:5173/agents/briefing/daily:0
[26344916ms] [ERROR] Failed to load resource: net::ERR_CONNECTION_REFUSED @ http://localhost:5173/agents/briefing/daily/markdown:0
