[     346ms] [WARNING] WebSocket connection to 'ws://localhost:5173/agents/ws/alerts' failed: WebSocket is closed before the connection is established. @ http://localhost:5173/assets/Dashboard-DaJBGjb4.js:0
[     347ms] [ERROR] Failed to load resource: the server responded with a status of 502 (Bad Gateway) @ http://localhost:5173/api/v1/objects?objectType=PipelineExecution&pageSize=100:0
[     347ms] [ERROR] Failed to load resource: the server responded with a status of 500 (Internal Server Error) @ http://localhost:5173/agents/ai/status:0
[     353ms] [WARNING] WebSocket connection to 'ws://localhost:5173/agents/ws/alerts' failed: WebSocket is closed before the connection is established. @ http://localhost:5173/assets/Dashboard-DaJBGjb4.js:0
[     355ms] [WARNING] WebSocket connection to 'ws://localhost:5173/agents/ws/alerts' failed: WebSocket is closed before the connection is established. @ http://localhost:5173/assets/Dashboard-DaJBGjb4.js:0
[     370ms] [WARNING] WebSocket connection to 'ws://localhost:5173/agents/ws/alerts' failed: WebSocket is closed before the connection is established. @ http://localhost:5173/assets/Dashboard-DaJBGjb4.js:0
[     393ms] [WARNING] WebSocket connection to 'ws://localhost:5173/agents/ws/alerts' failed: WebSocket is closed before the connection is established. @ http://localhost:5173/assets/Dashboard-DaJBGjb4.js:0
[    1702ms] [ERROR] WebSocket connection to 'ws://localhost:5173/agents/ws/alerts' failed: Error during WebSocket handshake: Unexpected response code: 404 @ http://localhost:5173/assets/Dashboard-DaJBGjb4.js:0
[    1709ms] [WARNING] WebSocket connection to 'ws://localhost:5173/agents/ws/alerts' failed: WebSocket is closed before the connection is established. @ http://localhost:5173/assets/Dashboard-DaJBGjb4.js:0
[    1712ms] [WARNING] WebSocket connection to 'ws://localhost:5173/agents/ws/alerts' failed: WebSocket is closed before the connection is established. @ http://localhost:5173/assets/Dashboard-DaJBGjb4.js:0
[    4652ms] [ERROR] WebSocket connection to 'ws://localhost:5173/agents/ws/alerts' failed: Error during WebSocket handshake: Unexpected response code: 404 @ http://localhost:5173/assets/Dashboard-DaJBGjb4.js:0
[    4659ms] [WARNING] WebSocket connection to 'ws://localhost:5173/agents/ws/alerts' failed: WebSocket is closed before the connection is established. @ http://localhost:5173/assets/Dashboard-DaJBGjb4.js:0
[    4663ms] [WARNING] WebSocket connection to 'ws://localhost:5173/agents/ws/alerts' failed: WebSocket is closed before the connection is established. @ http://localhost:5173/assets/Dashboard-DaJBGjb4.js:0
[    7146ms] [ERROR] WebSocket connection to 'ws://localhost:5173/agents/ws/alerts' failed: Error during WebSocket handshake: Unexpected response code: 404 @ http://localhost:5173/assets/Dashboard-DaJBGjb4.js:0
[    7153ms] [WARNING] WebSocket connection to 'ws://localhost:5173/agents/ws/alerts' failed: WebSocket is closed before the connection is established. @ http://localhost:5173/assets/Dashboard-DaJBGjb4.js:0
[    7156ms] [WARNING] WebSocket connection to 'ws://localhost:5173/agents/ws/alerts' failed: WebSocket is closed before the connection is established. @ http://localhost:5173/assets/Dashboard-DaJBGjb4.js:0
[   11612ms] [ERROR] WebSocket connection to 'ws://localhost:5173/agents/ws/alerts' failed: Error during WebSocket handshake: Unexpected response code: 404 @ http://localhost:5173/assets/Dashboard-DaJBGjb4.js:0
[   11620ms] [WARNING] WebSocket connection to 'ws://localhost:5173/agents/ws/alerts' failed: WebSocket is closed before the connection is established. @ http://localhost:5173/assets/Dashboard-DaJBGjb4.js:0
[   11623ms] [WARNING] WebSocket connection to 'ws://localhost:5173/agents/ws/alerts' failed: WebSocket is closed before the connection is established. @ http://localhost:5173/assets/Dashboard-DaJBGjb4.js:0
[   14912ms] [ERROR] WebSocket connection to 'ws://localhost:5173/agents/ws/alerts' failed: Error during WebSocket handshake: Unexpected response code: 404 @ http://localhost:5173/assets/Dashboard-DaJBGjb4.js:0
[   14921ms] [WARNING] WebSocket connection to 'ws://localhost:5173/agents/ws/alerts' failed: WebSocket is closed before the connection is established. @ http://localhost:5173/assets/Dashboard-DaJBGjb4.js:0
[   14924ms] [WARNING] WebSocket connection to 'ws://localhost:5173/agents/ws/alerts' failed: WebSocket is closed before the connection is established. @ http://localhost:5173/assets/Dashboard-DaJBGjb4.js:0
[   17647ms] [ERROR] WebSocket connection to 'ws://localhost:5173/agents/ws/alerts' failed: Error in connection establishment: net::ERR_CONNECTION_REFUSED @ http://localhost:5173/assets/Dashboard-DaJBGjb4.js:0
[   17652ms] [WARNING] WebSocket connection to 'ws://localhost:5173/agents/ws/alerts' failed: WebSocket is closed before the connection is established. @ http://localhost:5173/assets/Dashboard-DaJBGjb4.js:0
[   17654ms] [WARNING] WebSocket connection to 'ws://localhost:5173/agents/ws/alerts' failed: WebSocket is closed before the connection is established. @ http://localhost:5173/assets/Dashboard-DaJBGjb4.js:0
[   20173ms] [ERROR] WebSocket connection to 'ws://localhost:5173/agents/ws/alerts' failed: Error in connection establishment: net::ERR_CONNECTION_REFUSED @ http://localhost:5173/assets/Dashboard-DaJBGjb4.js:0
[   20179ms] [WARNING] WebSocket connection to 'ws://localhost:5173/agents/ws/alerts' failed: WebSocket is closed before the connection is established. @ http://localhost:5173/assets/Dashboard-DaJBGjb4.js:0
[   20182ms] [WARNING] WebSocket connection to 'ws://localhost:5173/agents/ws/alerts' failed: WebSocket is closed before the connection is established. @ http://localhost:5173/assets/Dashboard-DaJBGjb4.js:0
[   23538ms] [ERROR] WebSocket connection to 'ws://localhost:5173/agents/ws/alerts' failed: Error in connection establishment: net::ERR_CONNECTION_REFUSED @ http://localhost:5173/assets/Dashboard-DaJBGjb4.js:0
[   23542ms] [WARNING] WebSocket connection to 'ws://localhost:5173/agents/ws/alerts' failed: WebSocket is closed before the connection is established. @ http://localhost:5173/assets/Dashboard-DaJBGjb4.js:0
[   23545ms] [WARNING] WebSocket connection to 'ws://localhost:5173/agents/ws/alerts' failed: WebSocket is closed before the connection is established. @ http://localhost:5173/assets/Dashboard-DaJBGjb4.js:0
[   25031ms] [ERROR] WebSocket connection to 'ws://localhost:5173/agents/ws/alerts' failed: Error in connection establishment: net::ERR_CONNECTION_REFUSED @ http://localhost:5173/assets/Dashboard-DaJBGjb4.js:0
[   25038ms] [WARNING] WebSocket connection to 'ws://localhost:5173/agents/ws/alerts' failed: WebSocket is closed before the connection is established. @ http://localhost:5173/assets/Dashboard-DaJBGjb4.js:0
[   25041ms] [WARNING] WebSocket connection to 'ws://localhost:5173/agents/ws/alerts' failed: WebSocket is closed before the connection is established. @ http://localhost:5173/assets/Dashboard-DaJBGjb4.js:0
[   27131ms] [ERROR] WebSocket connection to 'ws://localhost:5173/agents/ws/alerts' failed: Error in connection establishment: net::ERR_CONNECTION_REFUSED @ http://localhost:5173/assets/Dashboard-DaJBGjb4.js:0
[   27136ms] [WARNING] WebSocket connection to 'ws://localhost:5173/agents/ws/alerts' failed: WebSocket is closed before the connection is established. @ http://localhost:5173/assets/Dashboard-DaJBGjb4.js:0
[   27140ms] [WARNING] WebSocket connection to 'ws://localhost:5173/agents/ws/alerts' failed: WebSocket is closed before the connection is established. @ http://localhost:5173/assets/Dashboard-DaJBGjb4.js:0
[   29091ms] [ERROR] WebSocket connection to 'ws://localhost:5173/agents/ws/alerts' failed: Error in connection establishment: net::ERR_CONNECTION_REFUSED @ http://localhost:5173/assets/Dashboard-DaJBGjb4.js:0
[17862608ms] [ERROR] Loading the image 'https://c.basemaps.cartocdn.com/dark_all/2/1/1.png' violates the following Content Security Policy directive: "img-src 'self' data: blob: https://*.tile.openstreetmap.org". The action has been blocked. @ http://localhost:5173/map:0
[17862609ms] [ERROR] Loading the image 'https://a.basemaps.cartocdn.com/dark_all/2/2/1.png' violates the following Content Security Policy directive: "img-src 'self' data: blob: https://*.tile.openstreetmap.org". The action has been blocked. @ http://localhost:5173/map:0
[17862609ms] [ERROR] Loading the image 'https://a.basemaps.cartocdn.com/dark_all/2/1/2.png' violates the following Content Security Policy directive: "img-src 'self' data: blob: https://*.tile.openstreetmap.org". The action has been blocked. @ http://localhost:5173/map:0
[17862609ms] [ERROR] Loading the image 'https://b.basemaps.cartocdn.com/dark_all/2/2/2.png' violates the following Content Security Policy directive: "img-src 'self' data: blob: https://*.tile.openstreetmap.org". The action has been blocked. @ http://localhost:5173/map:0
[17862609ms] [ERROR] Loading the image 'https://b.basemaps.cartocdn.com/dark_all/2/1/0.png' violates the following Content Security Policy directive: "img-src 'self' data: blob: https://*.tile.openstreetmap.org". The action has been blocked. @ http://localhost:5173/map:0
[17862609ms] [ERROR] Loading the image 'https://c.basemaps.cartocdn.com/dark_all/2/2/0.png' violates the following Content Security Policy directive: "img-src 'self' data: blob: https://*.tile.openstreetmap.org". The action has been blocked. @ http://localhost:5173/map:0
[17862609ms] [ERROR] Loading the image 'https://b.basemaps.cartocdn.com/dark_all/2/0/1.png' violates the following Content Security Policy directive: "img-src 'self' data: blob: https://*.tile.openstreetmap.org". The action has been blocked. @ http://localhost:5173/map:0
[17862609ms] [ERROR] Loading the image 'https://b.basemaps.cartocdn.com/dark_all/2/3/1.png' violates the following Content Security Policy directive: "img-src 'self' data: blob: https://*.tile.openstreetmap.org". The action has been blocked. @ http://localhost:5173/map:0
[17862609ms] [ERROR] Loading the image 'https://c.basemaps.cartocdn.com/dark_all/2/0/2.png' violates the following Content Security Policy directive: "img-src 'self' data: blob: https://*.tile.openstreetmap.org". The action has been blocked. @ http://localhost:5173/map:0
[17862609ms] [ERROR] Loading the image 'https://c.basemaps.cartocdn.com/dark_all/2/3/2.png' violates the following Content Security Policy directive: "img-src 'self' data: blob: https://*.tile.openstreetmap.org". The action has been blocked. @ http://localhost:5173/map:0
[17862609ms] [ERROR] Loading the image 'https://b.basemaps.cartocdn.com/dark_all/2/1/3.png' violates the following Content Security Policy directive: "img-src 'self' data: blob: https://*.tile.openstreetmap.org". The action has been blocked. @ http://localhost:5173/map:0
[17862609ms] [ERROR] Loading the image 'https://c.basemaps.cartocdn.com/dark_all/2/2/3.png' violates the following Content Security Policy directive: "img-src 'self' data: blob: https://*.tile.openstreetmap.org". The action has been blocked. @ http://localhost:5173/map:0
[17862609ms] [ERROR] Loading the image 'https://a.basemaps.cartocdn.com/dark_all/2/0/0.png' violates the following Content Security Policy directive: "img-src 'self' data: blob: https://*.tile.openstreetmap.org". The action has been blocked. @ http://localhost:5173/map:0
[17862609ms] [ERROR] Loading the image 'https://a.basemaps.cartocdn.com/dark_all/2/3/0.png' violates the following Content Security Policy directive: "img-src 'self' data: blob: https://*.tile.openstreetmap.org". The action has been blocked. @ http://localhost:5173/map:0
[17862609ms] [ERROR] Loading the image 'https://a.basemaps.cartocdn.com/dark_all/2/0/3.png' violates the following Content Security Policy directive: "img-src 'self' data: blob: https://*.tile.openstreetmap.org". The action has been blocked. @ http://localhost:5173/map:0
[17862609ms] [ERROR] Loading the image 'https://a.basemaps.cartocdn.com/dark_all/2/3/3.png' violates the following Content Security Policy directive: "img-src 'self' data: blob: https://*.tile.openstreetmap.org". The action has been blocked. @ http://localhost:5173/map:0
[17862609ms] [ERROR] Loading the image 'https://b.basemaps.cartocdn.com/dark_all/2/3/1.png' violates the following Content Security Policy directive: "img-src 'self' data: blob: https://*.tile.openstreetmap.org". The action has been blocked. @ http://localhost:5173/map:0
[17862609ms] [ERROR] Loading the image 'https://b.basemaps.cartocdn.com/dark_all/2/0/1.png' violates the following Content Security Policy directive: "img-src 'self' data: blob: https://*.tile.openstreetmap.org". The action has been blocked. @ http://localhost:5173/map:0
[17862609ms] [ERROR] Loading the image 'https://c.basemaps.cartocdn.com/dark_all/2/3/2.png' violates the following Content Security Policy directive: "img-src 'self' data: blob: https://*.tile.openstreetmap.org". The action has been blocked. @ http://localhost:5173/map:0
[17862610ms] [ERROR] Loading the image 'https://c.basemaps.cartocdn.com/dark_all/2/0/2.png' violates the following Content Security Policy directive: "img-src 'self' data: blob: https://*.tile.openstreetmap.org". The action has been blocked. @ http://localhost:5173/map:0
[17862610ms] [ERROR] Loading the image 'https://a.basemaps.cartocdn.com/dark_all/2/3/0.png' violates the following Content Security Policy directive: "img-src 'self' data: blob: https://*.tile.openstreetmap.org". The action has been blocked. @ http://localhost:5173/map:0
[17862610ms] [ERROR] Loading the image 'https://a.basemaps.cartocdn.com/dark_all/2/0/0.png' violates the following Content Security Policy directive: "img-src 'self' data: blob: https://*.tile.openstreetmap.org". The action has been blocked. @ http://localhost:5173/map:0
[17862610ms] [ERROR] Loading the image 'https://a.basemaps.cartocdn.com/dark_all/2/3/3.png' violates the following Content Security Policy directive: "img-src 'self' data: blob: https://*.tile.openstreetmap.org". The action has been blocked. @ http://localhost:5173/map:0
[17862610ms] [ERROR] Loading the image 'https://a.basemaps.cartocdn.com/dark_all/2/0/3.png' violates the following Content Security Policy directive: "img-src 'self' data: blob: https://*.tile.openstreetmap.org". The action has been blocked. @ http://localhost:5173/map:0
[17862616ms] [ERROR] Failed to load resource: net::ERR_CONNECTION_REFUSED @ http://localhost:5173/agents/fusion/awareness:0
[17862620ms] [ERROR] Failed to load resource: net::ERR_CONNECTION_REFUSED @ http://localhost:5173/agents/gse/regions:0
[17871542ms] [ERROR] Loading the image 'https://a.basemaps.cartocdn.com/dark_all/3/3/3.png' violates the following Content Security Policy directive: "img-src 'self' data: blob: https://*.tile.openstreetmap.org". The action has been blocked. @ http://localhost:5173/map:0
[17871542ms] [ERROR] Loading the image 'https://b.basemaps.cartocdn.com/dark_all/3/3/4.png' violates the following Content Security Policy directive: "img-src 'self' data: blob: https://*.tile.openstreetmap.org". The action has been blocked. @ http://localhost:5173/map:0
[17871543ms] [ERROR] Loading the image 'https://c.basemaps.cartocdn.com/dark_all/3/2/3.png' violates the following Content Security Policy directive: "img-src 'self' data: blob: https://*.tile.openstreetmap.org". The action has been blocked. @ http://localhost:5173/map:0
[17871543ms] [ERROR] Loading the image 'https://b.basemaps.cartocdn.com/dark_all/3/4/3.png' violates the following Content Security Policy directive: "img-src 'self' data: blob: https://*.tile.openstreetmap.org". The action has been blocked. @ http://localhost:5173/map:0
[17871543ms] [ERROR] Loading the image 'https://a.basemaps.cartocdn.com/dark_all/3/2/4.png' violates the following Content Security Policy directive: "img-src 'self' data: blob: https://*.tile.openstreetmap.org". The action has been blocked. @ http://localhost:5173/map:0
[17871543ms] [ERROR] Loading the image 'https://c.basemaps.cartocdn.com/dark_all/3/4/4.png' violates the following Content Security Policy directive: "img-src 'self' data: blob: https://*.tile.openstreetmap.org". The action has been blocked. @ http://localhost:5173/map:0
[17871543ms] [ERROR] Loading the image 'https://c.basemaps.cartocdn.com/dark_all/3/3/2.png' violates the following Content Security Policy directive: "img-src 'self' data: blob: https://*.tile.openstreetmap.org". The action has been blocked. @ http://localhost:5173/map:0
[17871543ms] [ERROR] Loading the image 'https://c.basemaps.cartocdn.com/dark_all/3/3/5.png' violates the following Content Security Policy directive: "img-src 'self' data: blob: https://*.tile.openstreetmap.org". The action has been blocked. @ http://localhost:5173/map:0
[17871543ms] [ERROR] Loading the image 'https://b.basemaps.cartocdn.com/dark_all/3/2/2.png' violates the following Content Security Policy directive: "img-src 'self' data: blob: https://*.tile.openstreetmap.org". The action has been blocked. @ http://localhost:5173/map:0
[17871543ms] [ERROR] Loading the image 'https://a.basemaps.cartocdn.com/dark_all/3/4/2.png' violates the following Content Security Policy directive: "img-src 'self' data: blob: https://*.tile.openstreetmap.org". The action has been blocked. @ http://localhost:5173/map:0
[17871543ms] [ERROR] Loading the image 'https://b.basemaps.cartocdn.com/dark_all/3/2/5.png' violates the following Content Security Policy directive: "img-src 'self' data: blob: https://*.tile.openstreetmap.org". The action has been blocked. @ http://localhost:5173/map:0
[17871543ms] [ERROR] Loading the image 'https://a.basemaps.cartocdn.com/dark_all/3/4/5.png' violates the following Content Security Policy directive: "img-src 'self' data: blob: https://*.tile.openstreetmap.org". The action has been blocked. @ http://localhost:5173/map:0
[17871543ms] [ERROR] Loading the image 'https://b.basemaps.cartocdn.com/dark_all/3/1/3.png' violates the following Content Security Policy directive: "img-src 'self' data: blob: https://*.tile.openstreetmap.org". The action has been blocked. @ http://localhost:5173/map:0
[17871544ms] [ERROR] Loading the image 'https://c.basemaps.cartocdn.com/dark_all/3/5/3.png' violates the following Content Security Policy directive: "img-src 'self' data: blob: https://*.tile.openstreetmap.org". The action has been blocked. @ http://localhost:5173/map:0
[17871544ms] [ERROR] Loading the image 'https://c.basemaps.cartocdn.com/dark_all/3/1/4.png' violates the following Content Security Policy directive: "img-src 'self' data: blob: https://*.tile.openstreetmap.org". The action has been blocked. @ http://localhost:5173/map:0
[17871544ms] [ERROR] Loading the image 'https://a.basemaps.cartocdn.com/dark_all/3/5/4.png' violates the following Content Security Policy directive: "img-src 'self' data: blob: https://*.tile.openstreetmap.org". The action has been blocked. @ http://localhost:5173/map:0
[17871544ms] [ERROR] Loading the image 'https://a.basemaps.cartocdn.com/dark_all/3/1/2.png' violates the following Content Security Policy directive: "img-src 'self' data: blob: https://*.tile.openstreetmap.org". The action has been blocked. @ http://localhost:5173/map:0
[17871544ms] [ERROR] Loading the image 'https://b.basemaps.cartocdn.com/dark_all/3/5/2.png' violates the following Content Security Policy directive: "img-src 'self' data: blob: https://*.tile.openstreetmap.org". The action has been blocked. @ http://localhost:5173/map:0
[17871544ms] [ERROR] Loading the image 'https://a.basemaps.cartocdn.com/dark_all/3/1/5.png' violates the following Content Security Policy directive: "img-src 'self' data: blob: https://*.tile.openstreetmap.org". The action has been blocked. @ http://localhost:5173/map:0
[17871544ms] [ERROR] Loading the image 'https://b.basemaps.cartocdn.com/dark_all/3/5/5.png' violates the following Content Security Policy directive: "img-src 'self' data: blob: https://*.tile.openstreetmap.org". The action has been blocked. @ http://localhost:5173/map:0
[17871928ms] [ERROR] Loading the image 'https://c.basemaps.cartocdn.com/dark_all/2/1/1.png' violates the following Content Security Policy directive: "img-src 'self' data: blob: https://*.tile.openstreetmap.org". The action has been blocked. @ http://localhost:5173/map:0
[17871928ms] [ERROR] Loading the image 'https://a.basemaps.cartocdn.com/dark_all/2/2/1.png' violates the following Content Security Policy directive: "img-src 'self' data: blob: https://*.tile.openstreetmap.org". The action has been blocked. @ http://localhost:5173/map:0
[17871928ms] [ERROR] Loading the image 'https://a.basemaps.cartocdn.com/dark_all/2/1/2.png' violates the following Content Security Policy directive: "img-src 'self' data: blob: https://*.tile.openstreetmap.org". The action has been blocked. @ http://localhost:5173/map:0
[17871928ms] [ERROR] Loading the image 'https://b.basemaps.cartocdn.com/dark_all/2/2/2.png' violates the following Content Security Policy directive: "img-src 'self' data: blob: https://*.tile.openstreetmap.org". The action has been blocked. @ http://localhost:5173/map:0
[17871928ms] [ERROR] Loading the image 'https://b.basemaps.cartocdn.com/dark_all/2/0/1.png' violates the following Content Security Policy directive: "img-src 'self' data: blob: https://*.tile.openstreetmap.org". The action has been blocked. @ http://localhost:5173/map:0
[17871929ms] [ERROR] Loading the image 'https://b.basemaps.cartocdn.com/dark_all/2/3/1.png' violates the following Content Security Policy directive: "img-src 'self' data: blob: https://*.tile.openstreetmap.org". The action has been blocked. @ http://localhost:5173/map:0
[17871929ms] [ERROR] Loading the image 'https://c.basemaps.cartocdn.com/dark_all/2/0/2.png' violates the following Content Security Policy directive: "img-src 'self' data: blob: https://*.tile.openstreetmap.org". The action has been blocked. @ http://localhost:5173/map:0
[17871929ms] [ERROR] Loading the image 'https://c.basemaps.cartocdn.com/dark_all/2/3/2.png' violates the following Content Security Policy directive: "img-src 'self' data: blob: https://*.tile.openstreetmap.org". The action has been blocked. @ http://localhost:5173/map:0
[17872182ms] [ERROR] Loading the image 'https://b.basemaps.cartocdn.com/dark_all/2/1/0.png' violates the following Content Security Policy directive: "img-src 'self' data: blob: https://*.tile.openstreetmap.org". The action has been blocked. @ http://localhost:5173/map:0
[17872182ms] [ERROR] Loading the image 'https://c.basemaps.cartocdn.com/dark_all/2/2/0.png' violates the following Content Security Policy directive: "img-src 'self' data: blob: https://*.tile.openstreetmap.org". The action has been blocked. @ http://localhost:5173/map:0
[17872182ms] [ERROR] Loading the image 'https://b.basemaps.cartocdn.com/dark_all/2/1/3.png' violates the following Content Security Policy directive: "img-src 'self' data: blob: https://*.tile.openstreetmap.org". The action has been blocked. @ http://localhost:5173/map:0
[17872182ms] [ERROR] Loading the image 'https://c.basemaps.cartocdn.com/dark_all/2/2/3.png' violates the following Content Security Policy directive: "img-src 'self' data: blob: https://*.tile.openstreetmap.org". The action has been blocked. @ http://localhost:5173/map:0
[17872182ms] [ERROR] Loading the image 'https://a.basemaps.cartocdn.com/dark_all/2/0/0.png' violates the following Content Security Policy directive: "img-src 'self' data: blob: https://*.tile.openstreetmap.org". The action has been blocked. @ http://localhost:5173/map:0
[17872182ms] [ERROR] Loading the image 'https://a.basemaps.cartocdn.com/dark_all/2/3/0.png' violates the following Content Security Policy directive: "img-src 'self' data: blob: https://*.tile.openstreetmap.org". The action has been blocked. @ http://localhost:5173/map:0
[17872183ms] [ERROR] Loading the image 'https://a.basemaps.cartocdn.com/dark_all/2/0/3.png' violates the following Content Security Policy directive: "img-src 'self' data: blob: https://*.tile.openstreetmap.org". The action has been blocked. @ http://localhost:5173/map:0
[17872183ms] [ERROR] Loading the image 'https://a.basemaps.cartocdn.com/dark_all/2/3/3.png' violates the following Content Security Policy directive: "img-src 'self' data: blob: https://*.tile.openstreetmap.org". The action has been blocked. @ http://localhost:5173/map:0
[17872183ms] [ERROR] Loading the image 'https://b.basemaps.cartocdn.com/dark_all/2/3/1.png' violates the following Content Security Policy directive: "img-src 'self' data: blob: https://*.tile.openstreetmap.org". The action has been blocked. @ http://localhost:5173/map:0
[17872183ms] [ERROR] Loading the image 'https://b.basemaps.cartocdn.com/dark_all/2/0/1.png' violates the following Content Security Policy directive: "img-src 'self' data: blob: https://*.tile.openstreetmap.org". The action has been blocked. @ http://localhost:5173/map:0
[17872183ms] [ERROR] Loading the image 'https://c.basemaps.cartocdn.com/dark_all/2/3/2.png' violates the following Content Security Policy directive: "img-src 'self' data: blob: https://*.tile.openstreetmap.org". The action has been blocked. @ http://localhost:5173/map:0
[17872183ms] [ERROR] Loading the image 'https://c.basemaps.cartocdn.com/dark_all/2/0/2.png' violates the following Content Security Policy directive: "img-src 'self' data: blob: https://*.tile.openstreetmap.org". The action has been blocked. @ http://localhost:5173/map:0
[17872183ms] [ERROR] Loading the image 'https://a.basemaps.cartocdn.com/dark_all/2/3/0.png' violates the following Content Security Policy directive: "img-src 'self' data: blob: https://*.tile.openstreetmap.org". The action has been blocked. @ http://localhost:5173/map:0
[17872183ms] [ERROR] Loading the image 'https://a.basemaps.cartocdn.com/dark_all/2/0/0.png' violates the following Content Security Policy directive: "img-src 'self' data: blob: https://*.tile.openstreetmap.org". The action has been blocked. @ http://localhost:5173/map:0
[17872183ms] [ERROR] Loading the image 'https://a.basemaps.cartocdn.com/dark_all/2/3/3.png' violates the following Content Security Policy directive: "img-src 'self' data: blob: https://*.tile.openstreetmap.org". The action has been blocked. @ http://localhost:5173/map:0
[17872183ms] [ERROR] Loading the image 'https://a.basemaps.cartocdn.com/dark_all/2/0/3.png' violates the following Content Security Policy directive: "img-src 'self' data: blob: https://*.tile.openstreetmap.org". The action has been blocked. @ http://localhost:5173/map:0
[17872391ms] [ERROR] Loading the image 'https://b.basemaps.cartocdn.com/dark_all/2/1/0.png' violates the following Content Security Policy directive: "img-src 'self' data: blob: https://*.tile.openstreetmap.org". The action has been blocked. @ http://localhost:5173/map:0
[17872391ms] [ERROR] Loading the image 'https://c.basemaps.cartocdn.com/dark_all/2/1/1.png' violates the following Content Security Policy directive: "img-src 'self' data: blob: https://*.tile.openstreetmap.org". The action has been blocked. @ http://localhost:5173/map:0
[17872391ms] [ERROR] Loading the image 'https://c.basemaps.cartocdn.com/dark_all/2/2/0.png' violates the following Content Security Policy directive: "img-src 'self' data: blob: https://*.tile.openstreetmap.org". The action has been blocked. @ http://localhost:5173/map:0
[17872391ms] [ERROR] Loading the image 'https://a.basemaps.cartocdn.com/dark_all/2/2/1.png' violates the following Content Security Policy directive: "img-src 'self' data: blob: https://*.tile.openstreetmap.org". The action has been blocked. @ http://localhost:5173/map:0
[17872640ms] [ERROR] Loading the image 'https://a.basemaps.cartocdn.com/dark_all/0/0/0.png' violates the following Content Security Policy directive: "img-src 'self' data: blob: https://*.tile.openstreetmap.org". The action has been blocked. @ http://localhost:5173/map:0
[17872641ms] [ERROR] Loading the image 'https://a.basemaps.cartocdn.com/dark_all/0/0/0.png' violates the following Content Security Policy directive: "img-src 'self' data: blob: https://*.tile.openstreetmap.org". The action has been blocked. @ http://localhost:5173/map:0
[17872641ms] [ERROR] Loading the image 'https://a.basemaps.cartocdn.com/dark_all/0/0/0.png' violates the following Content Security Policy directive: "img-src 'self' data: blob: https://*.tile.openstreetmap.org". The action has been blocked. @ http://localhost:5173/map:0
[17872641ms] [ERROR] Loading the image 'https://a.basemaps.cartocdn.com/dark_all/0/0/0.png' violates the following Content Security Policy directive: "img-src 'self' data: blob: https://*.tile.openstreetmap.org". The action has been blocked. @ http://localhost:5173/map:0
[17872641ms] [ERROR] Loading the image 'https://a.basemaps.cartocdn.com/dark_all/0/0/0.png' violates the following Content Security Policy directive: "img-src 'self' data: blob: https://*.tile.openstreetmap.org". The action has been blocked. @ http://localhost:5173/map:0
[17872641ms] [ERROR] Loading the image 'https://a.basemaps.cartocdn.com/dark_all/0/0/0.png' violates the following Content Security Policy directive: "img-src 'self' data: blob: https://*.tile.openstreetmap.org". The action has been blocked. @ http://localhost:5173/map:0
[17873162ms] [ERROR] Loading the image 'https://b.basemaps.cartocdn.com/dark_all/1/1/0.png' violates the following Content Security Policy directive: "img-src 'self' data: blob: https://*.tile.openstreetmap.org". The action has been blocked. @ http://localhost:5173/map:0
[17873162ms] [ERROR] Loading the image 'https://c.basemaps.cartocdn.com/dark_all/1/1/1.png' violates the following Content Security Policy directive: "img-src 'self' data: blob: https://*.tile.openstreetmap.org". The action has been blocked. @ http://localhost:5173/map:0
[17873162ms] [ERROR] Loading the image 'https://a.basemaps.cartocdn.com/dark_all/1/0/0.png' violates the following Content Security Policy directive: "img-src 'self' data: blob: https://*.tile.openstreetmap.org". The action has been blocked. @ http://localhost:5173/map:0
[17873162ms] [ERROR] Loading the image 'https://a.basemaps.cartocdn.com/dark_all/1/0/0.png' violates the following Content Security Policy directive: "img-src 'self' data: blob: https://*.tile.openstreetmap.org". The action has been blocked. @ http://localhost:5173/map:0
[17873162ms] [ERROR] Loading the image 'https://b.basemaps.cartocdn.com/dark_all/1/0/1.png' violates the following Content Security Policy directive: "img-src 'self' data: blob: https://*.tile.openstreetmap.org". The action has been blocked. @ http://localhost:5173/map:0
[17873162ms] [ERROR] Loading the image 'https://b.basemaps.cartocdn.com/dark_all/1/0/1.png' violates the following Content Security Policy directive: "img-src 'self' data: blob: https://*.tile.openstreetmap.org". The action has been blocked. @ http://localhost:5173/map:0
[17873162ms] [ERROR] Loading the image 'https://b.basemaps.cartocdn.com/dark_all/1/1/0.png' violates the following Content Security Policy directive: "img-src 'self' data: blob: https://*.tile.openstreetmap.org". The action has been blocked. @ http://localhost:5173/map:0
[17873163ms] [ERROR] Loading the image 'https://b.basemaps.cartocdn.com/dark_all/1/1/0.png' violates the following Content Security Policy directive: "img-src 'self' data: blob: https://*.tile.openstreetmap.org". The action has been blocked. @ http://localhost:5173/map:0
[17873163ms] [ERROR] Loading the image 'https://c.basemaps.cartocdn.com/dark_all/1/1/1.png' violates the following Content Security Policy directive: "img-src 'self' data: blob: https://*.tile.openstreetmap.org". The action has been blocked. @ http://localhost:5173/map:0
[17873163ms] [ERROR] Loading the image 'https://c.basemaps.cartocdn.com/dark_all/1/1/1.png' violates the following Content Security Policy directive: "img-src 'self' data: blob: https://*.tile.openstreetmap.org". The action has been blocked. @ http://localhost:5173/map:0
[17873891ms] [ERROR] Loading the image 'https://a.basemaps.cartocdn.com/dark_all/3/3/3.png' violates the following Content Security Policy directive: "img-src 'self' data: blob: https://*.tile.openstreetmap.org". The action has been blocked. @ http://localhost:5173/map:0
[17873891ms] [ERROR] Loading the image 'https://b.basemaps.cartocdn.com/dark_all/3/3/4.png' violates the following Content Security Policy directive: "img-src 'self' data: blob: https://*.tile.openstreetmap.org". The action has been blocked. @ http://localhost:5173/map:0
[17873891ms] [ERROR] Loading the image 'https://c.basemaps.cartocdn.com/dark_all/3/2/3.png' violates the following Content Security Policy directive: "img-src 'self' data: blob: https://*.tile.openstreetmap.org". The action has been blocked. @ http://localhost:5173/map:0
[17873892ms] [ERROR] Loading the image 'https://b.basemaps.cartocdn.com/dark_all/3/4/3.png' violates the following Content Security Policy directive: "img-src 'self' data: blob: https://*.tile.openstreetmap.org". The action has been blocked. @ http://localhost:5173/map:0
[17873892ms] [ERROR] Loading the image 'https://a.basemaps.cartocdn.com/dark_all/3/2/4.png' violates the following Content Security Policy directive: "img-src 'self' data: blob: https://*.tile.openstreetmap.org". The action has been blocked. @ http://localhost:5173/map:0
[17873892ms] [ERROR] Loading the image 'https://c.basemaps.cartocdn.com/dark_all/3/4/4.png' violates the following Content Security Policy directive: "img-src 'self' data: blob: https://*.tile.openstreetmap.org". The action has been blocked. @ http://localhost:5173/map:0
[17873892ms] [ERROR] Loading the image 'https://c.basemaps.cartocdn.com/dark_all/3/3/2.png' violates the following Content Security Policy directive: "img-src 'self' data: blob: https://*.tile.openstreetmap.org". The action has been blocked. @ http://localhost:5173/map:0
[17873892ms] [ERROR] Loading the image 'https://c.basemaps.cartocdn.com/dark_all/3/3/5.png' violates the following Content Security Policy directive: "img-src 'self' data: blob: https://*.tile.openstreetmap.org". The action has been blocked. @ http://localhost:5173/map:0
[17873892ms] [ERROR] Loading the image 'https://b.basemaps.cartocdn.com/dark_all/3/2/2.png' violates the following Content Security Policy directive: "img-src 'self' data: blob: https://*.tile.openstreetmap.org". The action has been blocked. @ http://localhost:5173/map:0
[17873892ms] [ERROR] Loading the image 'https://a.basemaps.cartocdn.com/dark_all/3/4/2.png' violates the following Content Security Policy directive: "img-src 'self' data: blob: https://*.tile.openstreetmap.org". The action has been blocked. @ http://localhost:5173/map:0
[17873892ms] [ERROR] Loading the image 'https://b.basemaps.cartocdn.com/dark_all/3/2/5.png' violates the following Content Security Policy directive: "img-src 'self' data: blob: https://*.tile.openstreetmap.org". The action has been blocked. @ http://localhost:5173/map:0
[17873892ms] [ERROR] Loading the image 'https://a.basemaps.cartocdn.com/dark_all/3/4/5.png' violates the following Content Security Policy directive: "img-src 'self' data: blob: https://*.tile.openstreetmap.org". The action has been blocked. @ http://localhost:5173/map:0
[17873892ms] [ERROR] Loading the image 'https://b.basemaps.cartocdn.com/dark_all/3/1/3.png' violates the following Content Security Policy directive: "img-src 'self' data: blob: https://*.tile.openstreetmap.org". The action has been blocked. @ http://localhost:5173/map:0
[17873892ms] [ERROR] Loading the image 'https://c.basemaps.cartocdn.com/dark_all/3/5/3.png' violates the following Content Security Policy directive: "img-src 'self' data: blob: https://*.tile.openstreetmap.org". The action has been blocked. @ http://localhost:5173/map:0
[17873892ms] [ERROR] Loading the image 'https://c.basemaps.cartocdn.com/dark_all/3/1/4.png' violates the following Content Security Policy directive: "img-src 'self' data: blob: https://*.tile.openstreetmap.org". The action has been blocked. @ http://localhost:5173/map:0
[17873892ms] [ERROR] Loading the image 'https://a.basemaps.cartocdn.com/dark_all/3/5/4.png' violates the following Content Security Policy directive: "img-src 'self' data: blob: https://*.tile.openstreetmap.org". The action has been blocked. @ http://localhost:5173/map:0
[17873892ms] [ERROR] Loading the image 'https://a.basemaps.cartocdn.com/dark_all/3/1/2.png' violates the following Content Security Policy directive: "img-src 'self' data: blob: https://*.tile.openstreetmap.org". The action has been blocked. @ http://localhost:5173/map:0
[17873892ms] [ERROR] Loading the image 'https://b.basemaps.cartocdn.com/dark_all/3/5/2.png' violates the following Content Security Policy directive: "img-src 'self' data: blob: https://*.tile.openstreetmap.org". The action has been blocked. @ http://localhost:5173/map:0
[17873892ms] [ERROR] Loading the image 'https://a.basemaps.cartocdn.com/dark_all/3/1/5.png' violates the following Content Security Policy directive: "img-src 'self' data: blob: https://*.tile.openstreetmap.org". The action has been blocked. @ http://localhost:5173/map:0
[17873892ms] [ERROR] Loading the image 'https://b.basemaps.cartocdn.com/dark_all/3/5/5.png' violates the following Content Security Policy directive: "img-src 'self' data: blob: https://*.tile.openstreetmap.org". The action has been blocked. @ http://localhost:5173/map:0
[17874052ms] [ERROR] Loading the image 'https://b.basemaps.cartocdn.com/dark_all/4/5/8.png' violates the following Content Security Policy directive: "img-src 'self' data: blob: https://*.tile.openstreetmap.org". The action has been blocked. @ http://localhost:5173/map:0
[17874053ms] [ERROR] Loading the image 'https://c.basemaps.cartocdn.com/dark_all/4/6/8.png' violates the following Content Security Policy directive: "img-src 'self' data: blob: https://*.tile.openstreetmap.org". The action has been blocked. @ http://localhost:5173/map:0
[17874053ms] [ERROR] Loading the image 'https://c.basemaps.cartocdn.com/dark_all/4/5/9.png' violates the following Content Security Policy directive: "img-src 'self' data: blob: https://*.tile.openstreetmap.org". The action has been blocked. @ http://localhost:5173/map:0
[17874053ms] [ERROR] Loading the image 'https://a.basemaps.cartocdn.com/dark_all/4/6/9.png' violates the following Content Security Policy directive: "img-src 'self' data: blob: https://*.tile.openstreetmap.org". The action has been blocked. @ http://localhost:5173/map:0
[17874053ms] [ERROR] Loading the image 'https://a.basemaps.cartocdn.com/dark_all/4/5/7.png' violates the following Content Security Policy directive: "img-src 'self' data: blob: https://*.tile.openstreetmap.org". The action has been blocked. @ http://localhost:5173/map:0
[17874053ms] [ERROR] Loading the image 'https://b.basemaps.cartocdn.com/dark_all/4/6/7.png' violates the following Content Security Policy directive: "img-src 'self' data: blob: https://*.tile.openstreetmap.org". The action has been blocked. @ http://localhost:5173/map:0
[17874053ms] [ERROR] Loading the image 'https://a.basemaps.cartocdn.com/dark_all/4/4/8.png' violates the following Content Security Policy directive: "img-src 'self' data: blob: https://*.tile.openstreetmap.org". The action has been blocked. @ http://localhost:5173/map:0
[17874053ms] [ERROR] Loading the image 'https://a.basemaps.cartocdn.com/dark_all/4/7/8.png' violates the following Content Security Policy directive: "img-src 'self' data: blob: https://*.tile.openstreetmap.org". The action has been blocked. @ http://localhost:5173/map:0
[17874053ms] [ERROR] Loading the image 'https://b.basemaps.cartocdn.com/dark_all/4/4/9.png' violates the following Content Security Policy directive: "img-src 'self' data: blob: https://*.tile.openstreetmap.org". The action has been blocked. @ http://localhost:5173/map:0
[17874053ms] [ERROR] Loading the image 'https://b.basemaps.cartocdn.com/dark_all/4/7/9.png' violates the following Content Security Policy directive: "img-src 'self' data: blob: https://*.tile.openstreetmap.org". The action has been blocked. @ http://localhost:5173/map:0
[17874053ms] [ERROR] Loading the image 'https://a.basemaps.cartocdn.com/dark_all/4/5/10.png' violates the following Content Security Policy directive: "img-src 'self' data: blob: https://*.tile.openstreetmap.org". The action has been blocked. @ http://localhost:5173/map:0
[17874053ms] [ERROR] Loading the image 'https://b.basemaps.cartocdn.com/dark_all/4/6/10.png' violates the following Content Security Policy directive: "img-src 'self' data: blob: https://*.tile.openstreetmap.org". The action has been blocked. @ http://localhost:5173/map:0
[17874053ms] [ERROR] Loading the image 'https://c.basemaps.cartocdn.com/dark_all/4/4/7.png' violates the following Content Security Policy directive: "img-src 'self' data: blob: https://*.tile.openstreetmap.org". The action has been blocked. @ http://localhost:5173/map:0
[17874053ms] [ERROR] Loading the image 'https://c.basemaps.cartocdn.com/dark_all/4/7/7.png' violates the following Content Security Policy directive: "img-src 'self' data: blob: https://*.tile.openstreetmap.org". The action has been blocked. @ http://localhost:5173/map:0
[17874054ms] [ERROR] Loading the image 'https://c.basemaps.cartocdn.com/dark_all/4/4/10.png' violates the following Content Security Policy directive: "img-src 'self' data: blob: https://*.tile.openstreetmap.org". The action has been blocked. @ http://localhost:5173/map:0
[17874054ms] [ERROR] Loading the image 'https://c.basemaps.cartocdn.com/dark_all/4/7/10.png' violates the following Content Security Policy directive: "img-src 'self' data: blob: https://*.tile.openstreetmap.org". The action has been blocked. @ http://localhost:5173/map:0
[17874054ms] [ERROR] Loading the image 'https://c.basemaps.cartocdn.com/dark_all/4/3/8.png' violates the following Content Security Policy directive: "img-src 'self' data: blob: https://*.tile.openstreetmap.org". The action has been blocked. @ http://localhost:5173/map:0
[17874054ms] [ERROR] Loading the image 'https://b.basemaps.cartocdn.com/dark_all/4/8/8.png' violates the following Content Security Policy directive: "img-src 'self' data: blob: https://*.tile.openstreetmap.org". The action has been blocked. @ http://localhost:5173/map:0
[17874054ms] [ERROR] Loading the image 'https://a.basemaps.cartocdn.com/dark_all/4/3/9.png' violates the following Content Security Policy directive: "img-src 'self' data: blob: https://*.tile.openstreetmap.org". The action has been blocked. @ http://localhost:5173/map:0
[17874054ms] [ERROR] Loading the image 'https://c.basemaps.cartocdn.com/dark_all/4/8/9.png' violates the following Content Security Policy directive: "img-src 'self' data: blob: https://*.tile.openstreetmap.org". The action has been blocked. @ http://localhost:5173/map:0
[17874054ms] [ERROR] Loading the image 'https://b.basemaps.cartocdn.com/dark_all/4/3/7.png' violates the following Content Security Policy directive: "img-src 'self' data: blob: https://*.tile.openstreetmap.org". The action has been blocked. @ http://localhost:5173/map:0
[17874054ms] [ERROR] Loading the image 'https://a.basemaps.cartocdn.com/dark_all/4/8/7.png' violates the following Content Security Policy directive: "img-src 'self' data: blob: https://*.tile.openstreetmap.org". The action has been blocked. @ http://localhost:5173/map:0
[17874054ms] [ERROR] Loading the image 'https://b.basemaps.cartocdn.com/dark_all/4/3/10.png' violates the following Content Security Policy directive: "img-src 'self' data: blob: https://*.tile.openstreetmap.org". The action has been blocked. @ http://localhost:5173/map:0
[17874054ms] [ERROR] Loading the image 'https://a.basemaps.cartocdn.com/dark_all/4/8/10.png' violates the following Content Security Policy directive: "img-src 'self' data: blob: https://*.tile.openstreetmap.org". The action has been blocked. @ http://localhost:5173/map:0
