[     372ms] [ERROR] Failed to load resource: the server responded with a status of 502 (Bad Gateway) @ http://localhost:5173/api/v1/objects?objectType=PipelineExecution&pageSize=100:0
[     372ms] [ERROR] Failed to load resource: the server responded with a status of 500 (Internal Server Error) @ http://localhost:5173/agents/ai/status:0
[     375ms] [WARNING] WebSocket connection to 'ws://localhost:5173/agents/ws/alerts' failed: WebSocket is closed before the connection is established. @ http://localhost:5173/assets/Dashboard-FLZLU0mT.js:0
[     380ms] [WARNING] WebSocket connection to 'ws://localhost:5173/agents/ws/alerts' failed: WebSocket is closed before the connection is established. @ http://localhost:5173/assets/Dashboard-FLZLU0mT.js:0
[     382ms] [WARNING] WebSocket connection to 'ws://localhost:5173/agents/ws/alerts' failed: WebSocket is closed before the connection is established. @ http://localhost:5173/assets/Dashboard-FLZLU0mT.js:0
[     387ms] [WARNING] WebSocket connection to 'ws://localhost:5173/agents/ws/alerts' failed: WebSocket is closed before the connection is established. @ http://localhost:5173/assets/Dashboard-FLZLU0mT.js:0
[     409ms] [ERROR] WebSocket connection to 'ws://localhost:5173/agents/ws/alerts' failed: Error during WebSocket handshake: Unexpected response code: 404 @ http://localhost:5173/assets/Dashboard-FLZLU0mT.js:0
[     413ms] [WARNING] WebSocket connection to 'ws://localhost:5173/agents/ws/alerts' failed: WebSocket is closed before the connection is established. @ http://localhost:5173/assets/Dashboard-FLZLU0mT.js:0
[     417ms] [WARNING] WebSocket connection to 'ws://localhost:5173/agents/ws/alerts' failed: WebSocket is closed before the connection is established. @ http://localhost:5173/assets/Dashboard-FLZLU0mT.js:0
[     436ms] [WARNING] WebSocket connection to 'ws://localhost:5173/agents/ws/alerts' failed: WebSocket is closed before the connection is established. @ http://localhost:5173/assets/Dashboard-FLZLU0mT.js:0
[     457ms] [ERROR] WebSocket connection to 'ws://localhost:5173/agents/ws/alerts' failed: Error during WebSocket handshake: Unexpected response code: 404 @ http://localhost:5173/assets/Dashboard-FLZLU0mT.js:0
[     459ms] [WARNING] WebSocket connection to 'ws://localhost:5173/agents/ws/alerts' failed: WebSocket is closed before the connection is established. @ http://localhost:5173/assets/Dashboard-FLZLU0mT.js:0
[     461ms] [WARNING] WebSocket connection to 'ws://localhost:5173/agents/ws/alerts' failed: WebSocket is closed before the connection is established. @ http://localhost:5173/assets/Dashboard-FLZLU0mT.js:0
[     625ms] [ERROR] WebSocket connection to 'ws://localhost:5173/agents/ws/alerts' failed: Error during WebSocket handshake: Unexpected response code: 404 @ http://localhost:5173/assets/Dashboard-FLZLU0mT.js:0
[     628ms] [WARNING] WebSocket connection to 'ws://localhost:5173/agents/ws/alerts' failed: WebSocket is closed before the connection is established. @ http://localhost:5173/assets/Dashboard-FLZLU0mT.js:0
[     630ms] [WARNING] WebSocket connection to 'ws://localhost:5173/agents/ws/alerts' failed: WebSocket is closed before the connection is established. @ http://localhost:5173/assets/Dashboard-FLZLU0mT.js:0
[    1953ms] [ERROR] WebSocket connection to 'ws://localhost:5173/agents/ws/alerts' failed: Error during WebSocket handshake: Unexpected response code: 404 @ http://localhost:5173/assets/Dashboard-FLZLU0mT.js:0
[    1960ms] [WARNING] WebSocket connection to 'ws://localhost:5173/agents/ws/alerts' failed: WebSocket is closed before the connection is established. @ http://localhost:5173/assets/Dashboard-FLZLU0mT.js:0
[    1963ms] [WARNING] WebSocket connection to 'ws://localhost:5173/agents/ws/alerts' failed: WebSocket is closed before the connection is established. @ http://localhost:5173/assets/Dashboard-FLZLU0mT.js:0
[    4250ms] [ERROR] WebSocket connection to 'ws://localhost:5173/agents/ws/alerts' failed: Error during WebSocket handshake: Unexpected response code: 404 @ http://localhost:5173/assets/Dashboard-FLZLU0mT.js:0
[    4255ms] [WARNING] WebSocket connection to 'ws://localhost:5173/agents/ws/alerts' failed: WebSocket is closed before the connection is established. @ http://localhost:5173/assets/Dashboard-FLZLU0mT.js:0
[    4257ms] [WARNING] WebSocket connection to 'ws://localhost:5173/agents/ws/alerts' failed: WebSocket is closed before the connection is established. @ http://localhost:5173/assets/Dashboard-FLZLU0mT.js:0
[    8098ms] [ERROR] WebSocket connection to 'ws://localhost:5173/agents/ws/alerts' failed: Error during WebSocket handshake: Unexpected response code: 404 @ http://localhost:5173/assets/Dashboard-FLZLU0mT.js:0
[    8107ms] [WARNING] WebSocket connection to 'ws://localhost:5173/agents/ws/alerts' failed: WebSocket is closed before the connection is established. @ http://localhost:5173/assets/Dashboard-FLZLU0mT.js:0
[    8110ms] [WARNING] WebSocket connection to 'ws://localhost:5173/agents/ws/alerts' failed: WebSocket is closed before the connection is established. @ http://localhost:5173/assets/Dashboard-FLZLU0mT.js:0
[   12735ms] [ERROR] WebSocket connection to 'ws://localhost:5173/agents/ws/alerts' failed: Error during WebSocket handshake: Unexpected response code: 404 @ http://localhost:5173/assets/Dashboard-FLZLU0mT.js:0
[   12740ms] [WARNING] WebSocket connection to 'ws://localhost:5173/agents/ws/alerts' failed: WebSocket is closed before the connection is established. @ http://localhost:5173/assets/Dashboard-FLZLU0mT.js:0
[   12742ms] [WARNING] WebSocket connection to 'ws://localhost:5173/agents/ws/alerts' failed: WebSocket is closed before the connection is established. @ http://localhost:5173/assets/Dashboard-FLZLU0mT.js:0
[   14051ms] [ERROR] WebSocket connection to 'ws://localhost:5173/agents/ws/alerts' failed: Error during WebSocket handshake: Unexpected response code: 404 @ http://localhost:5173/assets/Dashboard-FLZLU0mT.js:0
[   14058ms] [WARNING] WebSocket connection to 'ws://localhost:5173/agents/ws/alerts' failed: WebSocket is closed before the connection is established. @ http://localhost:5173/assets/Dashboard-FLZLU0mT.js:0
[   14060ms] [WARNING] WebSocket connection to 'ws://localhost:5173/agents/ws/alerts' failed: WebSocket is closed before the connection is established. @ http://localhost:5173/assets/Dashboard-FLZLU0mT.js:0
[   16793ms] [ERROR] WebSocket connection to 'ws://localhost:5173/agents/ws/alerts' failed: Error during WebSocket handshake: Unexpected response code: 404 @ http://localhost:5173/assets/Dashboard-FLZLU0mT.js:0
[   16799ms] [WARNING] WebSocket connection to 'ws://localhost:5173/agents/ws/alerts' failed: WebSocket is closed before the connection is established. @ http://localhost:5173/assets/Dashboard-FLZLU0mT.js:0
[   16802ms] [WARNING] WebSocket connection to 'ws://localhost:5173/agents/ws/alerts' failed: WebSocket is closed before the connection is established. @ http://localhost:5173/assets/Dashboard-FLZLU0mT.js:0
[   21677ms] [ERROR] WebSocket connection to 'ws://localhost:5173/agents/ws/alerts' failed: Error during WebSocket handshake: Unexpected response code: 404 @ http://localhost:5173/assets/Dashboard-FLZLU0mT.js:0
[   21683ms] [WARNING] WebSocket connection to 'ws://localhost:5173/agents/ws/alerts' failed: WebSocket is closed before the connection is established. @ http://localhost:5173/assets/Dashboard-FLZLU0mT.js:0
[   21687ms] [WARNING] WebSocket connection to 'ws://localhost:5173/agents/ws/alerts' failed: WebSocket is closed before the connection is established. @ http://localhost:5173/assets/Dashboard-FLZLU0mT.js:0
[   23327ms] [ERROR] WebSocket connection to 'ws://localhost:5173/agents/ws/alerts' failed: Error during WebSocket handshake: Unexpected response code: 404 @ http://localhost:5173/assets/Dashboard-FLZLU0mT.js:0
