[     366ms] [ERROR] Failed to load resource: the server responded with a status of 502 (Bad Gateway) @ http://localhost:5173/api/v1/objects?objectType=PipelineExecution&pageSize=100:0
[     366ms] [WARNING] WebSocket connection to 'ws://localhost:5173/agents/ws/alerts' failed: WebSocket is closed before the connection is established. @ http://localhost:5173/assets/Dashboard-DaJBGjb4.js:0
[     372ms] [WARNING] WebSocket connection to 'ws://localhost:5173/agents/ws/alerts' failed: WebSocket is closed before the connection is established. @ http://localhost:5173/assets/Dashboard-DaJBGjb4.js:0
[     377ms] [ERROR] Failed to load resource: the server responded with a status of 500 (Internal Server Error) @ http://localhost:5173/agents/ai/status:0
[     378ms] [WARNING] WebSocket connection to 'ws://localhost:5173/agents/ws/alerts' failed: WebSocket is closed before the connection is established. @ http://localhost:5173/assets/Dashboard-DaJBGjb4.js:0
[     387ms] [WARNING] WebSocket connection to 'ws://localhost:5173/agents/ws/alerts' failed: WebSocket is closed before the connection is established. @ http://localhost:5173/assets/Dashboard-DaJBGjb4.js:0
[     391ms] [WARNING] WebSocket connection to 'ws://localhost:5173/agents/ws/alerts' failed: WebSocket is closed before the connection is established. @ http://localhost:5173/assets/Dashboard-DaJBGjb4.js:0
[     394ms] [WARNING] WebSocket connection to 'ws://localhost:5173/agents/ws/alerts' failed: WebSocket is closed before the connection is established. @ http://localhost:5173/assets/Dashboard-DaJBGjb4.js:0
[     403ms] [WARNING] WebSocket connection to 'ws://localhost:5173/agents/ws/alerts' failed: WebSocket is closed before the connection is established. @ http://localhost:5173/assets/Dashboard-DaJBGjb4.js:0
[     422ms] [WARNING] WebSocket connection to 'ws://localhost:5173/agents/ws/alerts' failed: WebSocket is closed before the connection is established. @ http://localhost:5173/assets/Dashboard-DaJBGjb4.js:0
[     444ms] [ERROR] WebSocket connection to 'ws://localhost:5173/agents/ws/alerts' failed: Error during WebSocket handshake: Unexpected response code: 404 @ http://localhost:5173/assets/Dashboard-DaJBGjb4.js:0
[     447ms] [WARNING] WebSocket connection to 'ws://localhost:5173/agents/ws/alerts' failed: WebSocket is closed before the connection is established. @ http://localhost:5173/assets/Dashboard-DaJBGjb4.js:0
[     452ms] [WARNING] WebSocket connection to 'ws://localhost:5173/agents/ws/alerts' failed: WebSocket is closed before the connection is established. @ http://localhost:5173/assets/Dashboard-DaJBGjb4.js:0
[     456ms] [WARNING] WebSocket connection to 'ws://localhost:5173/agents/ws/alerts' failed: WebSocket is closed before the connection is established. @ http://localhost:5173/assets/Dashboard-DaJBGjb4.js:0
[     760ms] [ERROR] WebSocket connection to 'ws://localhost:5173/agents/ws/alerts' failed: Error during WebSocket handshake: Unexpected response code: 404 @ http://localhost:5173/assets/Dashboard-DaJBGjb4.js:0
[     764ms] [WARNING] WebSocket connection to 'ws://localhost:5173/agents/ws/alerts' failed: WebSocket is closed before the connection is established. @ http://localhost:5173/assets/Dashboard-DaJBGjb4.js:0
[     766ms] [WARNING] WebSocket connection to 'ws://localhost:5173/agents/ws/alerts' failed: WebSocket is closed before the connection is established. @ http://localhost:5173/assets/Dashboard-DaJBGjb4.js:0
[    1818ms] [ERROR] WebSocket connection to 'ws://localhost:5173/agents/ws/alerts' failed: Error during WebSocket handshake: Unexpected response code: 404 @ http://localhost:5173/assets/Dashboard-DaJBGjb4.js:0
[    1824ms] [WARNING] WebSocket connection to 'ws://localhost:5173/agents/ws/alerts' failed: WebSocket is closed before the connection is established. @ http://localhost:5173/assets/Dashboard-DaJBGjb4.js:0
[    1828ms] [WARNING] WebSocket connection to 'ws://localhost:5173/agents/ws/alerts' failed: WebSocket is closed before the connection is established. @ http://localhost:5173/assets/Dashboard-DaJBGjb4.js:0
[    3557ms] [ERROR] WebSocket connection to 'ws://localhost:5173/agents/ws/alerts' failed: Error during WebSocket handshake: Unexpected response code: 404 @ http://localhost:5173/assets/Dashboard-DaJBGjb4.js:0
[    3563ms] [WARNING] WebSocket connection to 'ws://localhost:5173/agents/ws/alerts' failed: WebSocket is closed before the connection is established. @ http://localhost:5173/assets/Dashboard-DaJBGjb4.js:0
[    3566ms] [WARNING] WebSocket connection to 'ws://localhost:5173/agents/ws/alerts' failed: WebSocket is closed before the connection is established. @ http://localhost:5173/assets/Dashboard-DaJBGjb4.js:0
[    4988ms] [ERROR] WebSocket connection to 'ws://localhost:5173/agents/ws/alerts' failed: Error during WebSocket handshake: Unexpected response code: 404 @ http://localhost:5173/assets/Dashboard-DaJBGjb4.js:0
[    4994ms] [WARNING] WebSocket connection to 'ws://localhost:5173/agents/ws/alerts' failed: WebSocket is closed before the connection is established. @ http://localhost:5173/assets/Dashboard-DaJBGjb4.js:0
[    4996ms] [WARNING] WebSocket connection to 'ws://localhost:5173/agents/ws/alerts' failed: WebSocket is closed before the connection is established. @ http://localhost:5173/assets/Dashboard-DaJBGjb4.js:0
[    9287ms] [ERROR] WebSocket connection to 'ws://localhost:5173/agents/ws/alerts' failed: Error during WebSocket handshake: Unexpected response code: 404 @ http://localhost:5173/assets/Dashboard-DaJBGjb4.js:0
[    9293ms] [WARNING] WebSocket connection to 'ws://localhost:5173/agents/ws/alerts' failed: WebSocket is closed before the connection is established. @ http://localhost:5173/assets/Dashboard-DaJBGjb4.js:0
[    9295ms] [WARNING] WebSocket connection to 'ws://localhost:5173/agents/ws/alerts' failed: WebSocket is closed before the connection is established. @ http://localhost:5173/assets/Dashboard-DaJBGjb4.js:0
[   11255ms] [ERROR] WebSocket connection to 'ws://localhost:5173/agents/ws/alerts' failed: Error during WebSocket handshake: Unexpected response code: 404 @ http://localhost:5173/assets/Dashboard-DaJBGjb4.js:0
[   11260ms] [WARNING] WebSocket connection to 'ws://localhost:5173/agents/ws/alerts' failed: WebSocket is closed before the connection is established. @ http://localhost:5173/assets/Dashboard-DaJBGjb4.js:0
[   11262ms] [WARNING] WebSocket connection to 'ws://localhost:5173/agents/ws/alerts' failed: WebSocket is closed before the connection is established. @ http://localhost:5173/assets/Dashboard-DaJBGjb4.js:0
[   14185ms] [ERROR] WebSocket connection to 'ws://localhost:5173/agents/ws/alerts' failed: Error during WebSocket handshake: Unexpected response code: 404 @ http://localhost:5173/assets/Dashboard-DaJBGjb4.js:0
[   14191ms] [WARNING] WebSocket connection to 'ws://localhost:5173/agents/ws/alerts' failed: WebSocket is closed before the connection is established. @ http://localhost:5173/assets/Dashboard-DaJBGjb4.js:0
[   14193ms] [WARNING] WebSocket connection to 'ws://localhost:5173/agents/ws/alerts' failed: WebSocket is closed before the connection is established. @ http://localhost:5173/assets/Dashboard-DaJBGjb4.js:0
