[     407ms] [ERROR] Connecting to 'http://localhost:8000/health' violates the following Content Security Policy directive: "connect-src 'self' ws: wss:". The action has been blocked. @ http://localhost:5173/assets/api-D4oPXiUY.js:0
[     407ms] [ERROR] Fetch API cannot load http://localhost:8000/health. Refused to connect because it violates the document's Content Security Policy. @ http://localhost:5173/assets/api-D4oPXiUY.js:0
[     407ms] [ERROR] Connecting to 'http://localhost:8000/ai/status' violates the following Content Security Policy directive: "connect-src 'self' ws: wss:". The action has been blocked. @ http://localhost:5173/assets/api-D4oPXiUY.js:0
[     407ms] [ERROR] Fetch API cannot load http://localhost:8000/ai/status. Refused to connect because it violates the document's Content Security Policy. @ http://localhost:5173/assets/api-D4oPXiUY.js:0
[     407ms] [ERROR] Connecting to 'http://localhost:8000/gse/regions' violates the following Content Security Policy directive: "connect-src 'self' ws: wss:". The action has been blocked. @ http://localhost:5173/assets/api-D4oPXiUY.js:0
[     407ms] [ERROR] Fetch API cannot load http://localhost:8000/gse/regions. Refused to connect because it violates the document's Content Security Policy. @ http://localhost:5173/assets/api-D4oPXiUY.js:0
[     407ms] [ERROR] Connecting to 'http://localhost:8000/alerts/pending' violates the following Content Security Policy directive: "connect-src 'self' ws: wss:". The action has been blocked. @ http://localhost:5173/assets/api-D4oPXiUY.js:0
[     408ms] [ERROR] Fetch API cannot load http://localhost:8000/alerts/pending. Refused to connect because it violates the document's Content Security Policy. @ http://localhost:5173/assets/api-D4oPXiUY.js:0
[     408ms] [ERROR] Connecting to 'http://localhost:8000/api/v1/objects?objectType=PipelineExecution&pageSize=100' violates the following Content Security Policy directive: "connect-src 'self' ws: wss:". The action has been blocked. @ http://localhost:5173/assets/api-D4oPXiUY.js:0
[     408ms] [ERROR] Fetch API cannot load http://localhost:8000/api/v1/objects?objectType=PipelineExecution&pageSize=100. Refused to connect because it violates the document's Content Security Policy. @ http://localhost:5173/assets/api-D4oPXiUY.js:0
[     408ms] [ERROR] Connecting to 'http://localhost:8000/fusion/awareness' violates the following Content Security Policy directive: "connect-src 'self' ws: wss:". The action has been blocked. @ http://localhost:5173/assets/api-D4oPXiUY.js:0
[     408ms] [ERROR] Fetch API cannot load http://localhost:8000/fusion/awareness. Refused to connect because it violates the document's Content Security Policy. @ http://localhost:5173/assets/api-D4oPXiUY.js:0
[     425ms] [WARNING] WebSocket connection to 'ws://localhost:8000/ws/alerts' failed: WebSocket is closed before the connection is established. @ http://localhost:5173/assets/Dashboard-CldKgXGI.js:0
[     431ms] [WARNING] WebSocket connection to 'ws://localhost:8000/ws/alerts' failed: WebSocket is closed before the connection is established. @ http://localhost:5173/assets/Dashboard-CldKgXGI.js:0
[     448ms] [ERROR] WebSocket connection to 'ws://localhost:8000/ws/alerts' failed: Error during WebSocket handshake: Unexpected response code: 403 @ http://localhost:5173/assets/Dashboard-CldKgXGI.js:0
[     452ms] [WARNING] WebSocket connection to 'ws://localhost:8000/ws/alerts' failed: WebSocket is closed before the connection is established. @ http://localhost:5173/assets/Dashboard-CldKgXGI.js:0
[     454ms] [WARNING] WebSocket connection to 'ws://localhost:8000/ws/alerts' failed: WebSocket is closed before the connection is established. @ http://localhost:5173/assets/Dashboard-CldKgXGI.js:0
[     461ms] [ERROR] WebSocket connection to 'ws://localhost:8000/ws/alerts' failed: Error during WebSocket handshake: Unexpected response code: 403 @ http://localhost:5173/assets/Dashboard-CldKgXGI.js:0
[     468ms] [WARNING] WebSocket connection to 'ws://localhost:8000/ws/alerts' failed: WebSocket is closed before the connection is established. @ http://localhost:5173/assets/Dashboard-CldKgXGI.js:0
[     471ms] [WARNING] WebSocket connection to 'ws://localhost:8000/ws/alerts' failed: WebSocket is closed before the connection is established. @ http://localhost:5173/assets/Dashboard-CldKgXGI.js:0
[     499ms] [ERROR] WebSocket connection to 'ws://localhost:8000/ws/alerts' failed: Error during WebSocket handshake: Unexpected response code: 403 @ http://localhost:5173/assets/Dashboard-CldKgXGI.js:0
[     502ms] [WARNING] WebSocket connection to 'ws://localhost:8000/ws/alerts' failed: WebSocket is closed before the connection is established. @ http://localhost:5173/assets/Dashboard-CldKgXGI.js:0
[     503ms] [WARNING] WebSocket connection to 'ws://localhost:8000/ws/alerts' failed: WebSocket is closed before the connection is established. @ http://localhost:5173/assets/Dashboard-CldKgXGI.js:0
[     809ms] [ERROR] WebSocket connection to 'ws://localhost:8000/ws/alerts' failed: Error during WebSocket handshake: Unexpected response code: 403 @ http://localhost:5173/assets/Dashboard-CldKgXGI.js:0
[     814ms] [WARNING] WebSocket connection to 'ws://localhost:8000/ws/alerts' failed: WebSocket is closed before the connection is established. @ http://localhost:5173/assets/Dashboard-CldKgXGI.js:0
[     819ms] [WARNING] WebSocket connection to 'ws://localhost:8000/ws/alerts' failed: WebSocket is closed before the connection is established. @ http://localhost:5173/assets/Dashboard-CldKgXGI.js:0
[    2922ms] [ERROR] WebSocket connection to 'ws://localhost:8000/ws/alerts' failed: Error during WebSocket handshake: Unexpected response code: 403 @ http://localhost:5173/assets/Dashboard-CldKgXGI.js:0
[    2929ms] [WARNING] WebSocket connection to 'ws://localhost:8000/ws/alerts' failed: WebSocket is closed before the connection is established. @ http://localhost:5173/assets/Dashboard-CldKgXGI.js:0
[    2931ms] [WARNING] WebSocket connection to 'ws://localhost:8000/ws/alerts' failed: WebSocket is closed before the connection is established. @ http://localhost:5173/assets/Dashboard-CldKgXGI.js:0
[    4311ms] [ERROR] WebSocket connection to 'ws://localhost:8000/ws/alerts' failed: Error during WebSocket handshake: Unexpected response code: 403 @ http://localhost:5173/assets/Dashboard-CldKgXGI.js:0
[    4316ms] [WARNING] WebSocket connection to 'ws://localhost:8000/ws/alerts' failed: WebSocket is closed before the connection is established. @ http://localhost:5173/assets/Dashboard-CldKgXGI.js:0
[    4318ms] [WARNING] WebSocket connection to 'ws://localhost:8000/ws/alerts' failed: WebSocket is closed before the connection is established. @ http://localhost:5173/assets/Dashboard-CldKgXGI.js:0
[    5647ms] [ERROR] WebSocket connection to 'ws://localhost:8000/ws/alerts' failed: Error during WebSocket handshake: Unexpected response code: 403 @ http://localhost:5173/assets/Dashboard-CldKgXGI.js:0
[    5652ms] [WARNING] WebSocket connection to 'ws://localhost:8000/ws/alerts' failed: WebSocket is closed before the connection is established. @ http://localhost:5173/assets/Dashboard-CldKgXGI.js:0
[    5655ms] [WARNING] WebSocket connection to 'ws://localhost:8000/ws/alerts' failed: WebSocket is closed before the connection is established. @ http://localhost:5173/assets/Dashboard-CldKgXGI.js:0
[    7418ms] [ERROR] WebSocket connection to 'ws://localhost:8000/ws/alerts' failed: Error during WebSocket handshake: Unexpected response code: 403 @ http://localhost:5173/assets/Dashboard-CldKgXGI.js:0
[    7423ms] [WARNING] WebSocket connection to 'ws://localhost:8000/ws/alerts' failed: WebSocket is closed before the connection is established. @ http://localhost:5173/assets/Dashboard-CldKgXGI.js:0
[    7427ms] [WARNING] WebSocket connection to 'ws://localhost:8000/ws/alerts' failed: WebSocket is closed before the connection is established. @ http://localhost:5173/assets/Dashboard-CldKgXGI.js:0
[    8936ms] [ERROR] WebSocket connection to 'ws://localhost:8000/ws/alerts' failed: Error during WebSocket handshake: Unexpected response code: 403 @ http://localhost:5173/assets/Dashboard-CldKgXGI.js:0
[    8941ms] [WARNING] WebSocket connection to 'ws://localhost:8000/ws/alerts' failed: WebSocket is closed before the connection is established. @ http://localhost:5173/assets/Dashboard-CldKgXGI.js:0
[    8943ms] [WARNING] WebSocket connection to 'ws://localhost:8000/ws/alerts' failed: WebSocket is closed before the connection is established. @ http://localhost:5173/assets/Dashboard-CldKgXGI.js:0
[   10334ms] [ERROR] WebSocket connection to 'ws://localhost:8000/ws/alerts' failed: Error during WebSocket handshake: Unexpected response code: 403 @ http://localhost:5173/assets/Dashboard-CldKgXGI.js:0
[   10340ms] [WARNING] WebSocket connection to 'ws://localhost:8000/ws/alerts' failed: WebSocket is closed before the connection is established. @ http://localhost:5173/assets/Dashboard-CldKgXGI.js:0
[   10343ms] [WARNING] WebSocket connection to 'ws://localhost:8000/ws/alerts' failed: WebSocket is closed before the connection is established. @ http://localhost:5173/assets/Dashboard-CldKgXGI.js:0
[   14982ms] [ERROR] WebSocket connection to 'ws://localhost:8000/ws/alerts' failed: Error during WebSocket handshake: Unexpected response code: 403 @ http://localhost:5173/assets/Dashboard-CldKgXGI.js:0
