[     348ms] [ERROR] Failed to load resource: the server responded with a status of 502 (Bad Gateway) @ http://localhost:5173/api/v1/objects?objectType=PipelineExecution&pageSize=100:0
[     348ms] [ERROR] Failed to load resource: the server responded with a status of 500 (Internal Server Error) @ http://localhost:5173/agents/ai/status:0
[     352ms] [WARNING] WebSocket connection to 'ws://localhost:5173/agents/ws/alerts' failed: WebSocket is closed before the connection is established. @ http://localhost:5173/assets/Dashboard-FLZLU0mT.js:0
[     360ms] [WARNING] WebSocket connection to 'ws://localhost:5173/agents/ws/alerts' failed: WebSocket is closed before the connection is established. @ http://localhost:5173/assets/Dashboard-FLZLU0mT.js:0
[     362ms] [WARNING] WebSocket connection to 'ws://localhost:5173/agents/ws/alerts' failed: WebSocket is closed before the connection is established. @ http://localhost:5173/assets/Dashboard-FLZLU0mT.js:0
[     364ms] [WARNING] WebSocket connection to 'ws://localhost:5173/agents/ws/alerts' failed: WebSocket is closed before the connection is established. @ http://localhost:5173/assets/Dashboard-FLZLU0mT.js:0
[     375ms] [WARNING] WebSocket connection to 'ws://localhost:5173/agents/ws/alerts' failed: WebSocket is closed before the connection is established. @ http://localhost:5173/assets/Dashboard-FLZLU0mT.js:0
[     399ms] [WARNING] WebSocket connection to 'ws://localhost:5173/agents/ws/alerts' failed: WebSocket is closed before the connection is established. @ http://localhost:5173/assets/Dashboard-FLZLU0mT.js:0
[    4556ms] [ERROR] WebSocket connection to 'ws://localhost:5173/agents/ws/alerts' failed: Error during WebSocket handshake: Unexpected response code: 404 @ http://localhost:5173/assets/Dashboard-FLZLU0mT.js:0
[    4563ms] [WARNING] WebSocket connection to 'ws://localhost:5173/agents/ws/alerts' failed: WebSocket is closed before the connection is established. @ http://localhost:5173/assets/Dashboard-FLZLU0mT.js:0
[    4565ms] [WARNING] WebSocket connection to 'ws://localhost:5173/agents/ws/alerts' failed: WebSocket is closed before the connection is established. @ http://localhost:5173/assets/Dashboard-FLZLU0mT.js:0
[    6276ms] [ERROR] WebSocket connection to 'ws://localhost:5173/agents/ws/alerts' failed: Error during WebSocket handshake: Unexpected response code: 404 @ http://localhost:5173/assets/Dashboard-FLZLU0mT.js:0
[    6283ms] [WARNING] WebSocket connection to 'ws://localhost:5173/agents/ws/alerts' failed: WebSocket is closed before the connection is established. @ http://localhost:5173/assets/Dashboard-FLZLU0mT.js:0
[    6285ms] [WARNING] WebSocket connection to 'ws://localhost:5173/agents/ws/alerts' failed: WebSocket is closed before the connection is established. @ http://localhost:5173/assets/Dashboard-FLZLU0mT.js:0
[    8776ms] [ERROR] WebSocket connection to 'ws://localhost:5173/agents/ws/alerts' failed: Error during WebSocket handshake: Unexpected response code: 404 @ http://localhost:5173/assets/Dashboard-FLZLU0mT.js:0
[    8785ms] [WARNING] WebSocket connection to 'ws://localhost:5173/agents/ws/alerts' failed: WebSocket is closed before the connection is established. @ http://localhost:5173/assets/Dashboard-FLZLU0mT.js:0
[    8789ms] [WARNING] WebSocket connection to 'ws://localhost:5173/agents/ws/alerts' failed: WebSocket is closed before the connection is established. @ http://localhost:5173/assets/Dashboard-FLZLU0mT.js:0
[   13065ms] [ERROR] WebSocket connection to 'ws://localhost:5173/agents/ws/alerts' failed: Error during WebSocket handshake: Unexpected response code: 404 @ http://localhost:5173/assets/Dashboard-FLZLU0mT.js:0
[   13071ms] [WARNING] WebSocket connection to 'ws://localhost:5173/agents/ws/alerts' failed: WebSocket is closed before the connection is established. @ http://localhost:5173/assets/Dashboard-FLZLU0mT.js:0
[   13073ms] [WARNING] WebSocket connection to 'ws://localhost:5173/agents/ws/alerts' failed: WebSocket is closed before the connection is established. @ http://localhost:5173/assets/Dashboard-FLZLU0mT.js:0
[   14432ms] [ERROR] WebSocket connection to 'ws://localhost:5173/agents/ws/alerts' failed: Error during WebSocket handshake: Unexpected response code: 404 @ http://localhost:5173/assets/Dashboard-FLZLU0mT.js:0
[   14441ms] [WARNING] WebSocket connection to 'ws://localhost:5173/agents/ws/alerts' failed: WebSocket is closed before the connection is established. @ http://localhost:5173/assets/Dashboard-FLZLU0mT.js:0
[   14444ms] [WARNING] WebSocket connection to 'ws://localhost:5173/agents/ws/alerts' failed: WebSocket is closed before the connection is established. @ http://localhost:5173/assets/Dashboard-FLZLU0mT.js:0
[   15555ms] [ERROR] WebSocket connection to 'ws://localhost:5173/agents/ws/alerts' failed: Error during WebSocket handshake: Unexpected response code: 404 @ http://localhost:5173/assets/Dashboard-FLZLU0mT.js:0
[   15564ms] [WARNING] WebSocket connection to 'ws://localhost:5173/agents/ws/alerts' failed: WebSocket is closed before the connection is established. @ http://localhost:5173/assets/Dashboard-FLZLU0mT.js:0
[   15566ms] [WARNING] WebSocket connection to 'ws://localhost:5173/agents/ws/alerts' failed: WebSocket is closed before the connection is established. @ http://localhost:5173/assets/Dashboard-FLZLU0mT.js:0
[   16727ms] [ERROR] Failed to load resource: the server responded with a status of 502 (Bad Gateway) @ http://localhost:5173/api/v1/objects?objectType=PipelineExecution&pageSize=100:0
[   16727ms] [ERROR] Failed to load resource: the server responded with a status of 500 (Internal Server Error) @ http://localhost:5173/agents/ai/status:0
[   16730ms] [WARNING] WebSocket connection to 'ws://localhost:5173/agents/ws/alerts' failed: WebSocket is closed before the connection is established. @ http://localhost:5173/assets/Dashboard-FLZLU0mT.js:0
[   16736ms] [WARNING] WebSocket connection to 'ws://localhost:5173/agents/ws/alerts' failed: WebSocket is closed before the connection is established. @ http://localhost:5173/assets/Dashboard-FLZLU0mT.js:0
[   16741ms] [WARNING] WebSocket connection to 'ws://localhost:5173/agents/ws/alerts' failed: WebSocket is closed before the connection is established. @ http://localhost:5173/assets/Dashboard-FLZLU0mT.js:0
[   16743ms] [WARNING] WebSocket connection to 'ws://localhost:5173/agents/ws/alerts' failed: WebSocket is closed before the connection is established. @ http://localhost:5173/assets/Dashboard-FLZLU0mT.js:0
[   16745ms] [WARNING] WebSocket connection to 'ws://localhost:5173/agents/ws/alerts' failed: WebSocket is closed before the connection is established. @ http://localhost:5173/assets/Dashboard-FLZLU0mT.js:0
[   16775ms] [WARNING] WebSocket connection to 'ws://localhost:5173/agents/ws/alerts' failed: WebSocket is closed before the connection is established. @ http://localhost:5173/assets/Dashboard-FLZLU0mT.js:0
[   20913ms] [ERROR] WebSocket connection to 'ws://localhost:5173/agents/ws/alerts' failed: Error during WebSocket handshake: Unexpected response code: 404 @ http://localhost:5173/assets/Dashboard-FLZLU0mT.js:0
[   20920ms] [WARNING] WebSocket connection to 'ws://localhost:5173/agents/ws/alerts' failed: WebSocket is closed before the connection is established. @ http://localhost:5173/assets/Dashboard-FLZLU0mT.js:0
[   20923ms] [WARNING] WebSocket connection to 'ws://localhost:5173/agents/ws/alerts' failed: WebSocket is closed before the connection is established. @ http://localhost:5173/assets/Dashboard-FLZLU0mT.js:0
[   23425ms] [ERROR] WebSocket connection to 'ws://localhost:5173/agents/ws/alerts' failed: Error during WebSocket handshake: Unexpected response code: 404 @ http://localhost:5173/assets/Dashboard-FLZLU0mT.js:0
[   23430ms] [WARNING] WebSocket connection to 'ws://localhost:5173/agents/ws/alerts' failed: WebSocket is closed before the connection is established. @ http://localhost:5173/assets/Dashboard-FLZLU0mT.js:0
[   23432ms] [WARNING] WebSocket connection to 'ws://localhost:5173/agents/ws/alerts' failed: WebSocket is closed before the connection is established. @ http://localhost:5173/assets/Dashboard-FLZLU0mT.js:0
[   28135ms] [ERROR] WebSocket connection to 'ws://localhost:5173/agents/ws/alerts' failed: Error during WebSocket handshake: Unexpected response code: 404 @ http://localhost:5173/assets/Dashboard-FLZLU0mT.js:0
[   28142ms] [WARNING] WebSocket connection to 'ws://localhost:5173/agents/ws/alerts' failed: WebSocket is closed before the connection is established. @ http://localhost:5173/assets/Dashboard-FLZLU0mT.js:0
[   28145ms] [WARNING] WebSocket connection to 'ws://localhost:5173/agents/ws/alerts' failed: WebSocket is closed before the connection is established. @ http://localhost:5173/assets/Dashboard-FLZLU0mT.js:0
[   32940ms] [ERROR] WebSocket connection to 'ws://localhost:5173/agents/ws/alerts' failed: Error during WebSocket handshake: Unexpected response code: 404 @ http://localhost:5173/assets/Dashboard-FLZLU0mT.js:0
[   32949ms] [WARNING] WebSocket connection to 'ws://localhost:5173/agents/ws/alerts' failed: WebSocket is closed before the connection is established. @ http://localhost:5173/assets/Dashboard-FLZLU0mT.js:0
[   32953ms] [WARNING] WebSocket connection to 'ws://localhost:5173/agents/ws/alerts' failed: WebSocket is closed before the connection is established. @ http://localhost:5173/assets/Dashboard-FLZLU0mT.js:0
[   35814ms] [ERROR] WebSocket connection to 'ws://localhost:5173/agents/ws/alerts' failed: Error during WebSocket handshake: Unexpected response code: 404 @ http://localhost:5173/assets/Dashboard-FLZLU0mT.js:0
[   35821ms] [WARNING] WebSocket connection to 'ws://localhost:5173/agents/ws/alerts' failed: WebSocket is closed before the connection is established. @ http://localhost:5173/assets/Dashboard-FLZLU0mT.js:0
[   35824ms] [WARNING] WebSocket connection to 'ws://localhost:5173/agents/ws/alerts' failed: WebSocket is closed before the connection is established. @ http://localhost:5173/assets/Dashboard-FLZLU0mT.js:0
[   40117ms] [ERROR] WebSocket connection to 'ws://localhost:5173/agents/ws/alerts' failed: Error during WebSocket handshake: Unexpected response code: 404 @ http://localhost:5173/assets/Dashboard-FLZLU0mT.js:0
[   40125ms] [WARNING] WebSocket connection to 'ws://localhost:5173/agents/ws/alerts' failed: WebSocket is closed before the connection is established. @ http://localhost:5173/assets/Dashboard-FLZLU0mT.js:0
[   40130ms] [WARNING] WebSocket connection to 'ws://localhost:5173/agents/ws/alerts' failed: WebSocket is closed before the connection is established. @ http://localhost:5173/assets/Dashboard-FLZLU0mT.js:0
[   41215ms] [ERROR] WebSocket connection to 'ws://localhost:5173/agents/ws/alerts' failed: Error during WebSocket handshake: Unexpected response code: 404 @ http://localhost:5173/assets/Dashboard-FLZLU0mT.js:0
[   41221ms] [WARNING] WebSocket connection to 'ws://localhost:5173/agents/ws/alerts' failed: WebSocket is closed before the connection is established. @ http://localhost:5173/assets/Dashboard-FLZLU0mT.js:0
[   41223ms] [WARNING] WebSocket connection to 'ws://localhost:5173/agents/ws/alerts' failed: WebSocket is closed before the connection is established. @ http://localhost:5173/assets/Dashboard-FLZLU0mT.js:0
[   43231ms] [ERROR] WebSocket connection to 'ws://localhost:5173/agents/ws/alerts' failed: Error during WebSocket handshake: Unexpected response code: 404 @ http://localhost:5173/assets/Dashboard-FLZLU0mT.js:0
[   43240ms] [WARNING] WebSocket connection to 'ws://localhost:5173/agents/ws/alerts' failed: WebSocket is closed before the connection is established. @ http://localhost:5173/assets/Dashboard-FLZLU0mT.js:0
[   43244ms] [WARNING] WebSocket connection to 'ws://localhost:5173/agents/ws/alerts' failed: WebSocket is closed before the connection is established. @ http://localhost:5173/assets/Dashboard-FLZLU0mT.js:0
[   45366ms] [ERROR] WebSocket connection to 'ws://localhost:5173/agents/ws/alerts' failed: Error during WebSocket handshake: Unexpected response code: 404 @ http://localhost:5173/assets/Dashboard-FLZLU0mT.js:0
[   45373ms] [WARNING] WebSocket connection to 'ws://localhost:5173/agents/ws/alerts' failed: WebSocket is closed before the connection is established. @ http://localhost:5173/assets/Dashboard-FLZLU0mT.js:0
[   45375ms] [WARNING] WebSocket connection to 'ws://localhost:5173/agents/ws/alerts' failed: WebSocket is closed before the connection is established. @ http://localhost:5173/assets/Dashboard-FLZLU0mT.js:0
[   50188ms] [ERROR] WebSocket connection to 'ws://localhost:5173/agents/ws/alerts' failed: Error during WebSocket handshake: Unexpected response code: 404 @ http://localhost:5173/assets/Dashboard-FLZLU0mT.js:0
[   50195ms] [WARNING] WebSocket connection to 'ws://localhost:5173/agents/ws/alerts' failed: WebSocket is closed before the connection is established. @ http://localhost:5173/assets/Dashboard-FLZLU0mT.js:0
[   50200ms] [WARNING] WebSocket connection to 'ws://localhost:5173/agents/ws/alerts' failed: WebSocket is closed before the connection is established. @ http://localhost:5173/assets/Dashboard-FLZLU0mT.js:0
[   52390ms] [ERROR] WebSocket connection to 'ws://localhost:5173/agents/ws/alerts' failed: Error during WebSocket handshake: Unexpected response code: 404 @ http://localhost:5173/assets/Dashboard-FLZLU0mT.js:0
